{
  "stats": {
    "suites": 6,
    "tests": 52,
    "passes": 36,
    "pending": 0,
    "failures": 16,
    "start": "2021-08-24T16:08:02.247Z",
    "end": "2021-08-24T16:33:00.381Z",
    "duration": 1498134,
    "testsRegistered": 52,
    "passPercent": 69.23076923076923,
    "pendingPercent": 0,
    "other": 0,
    "hasOther": false,
    "skipped": 0,
    "hasSkipped": false
  },
  "results": [
    {
      "uuid": "da9cfeb4-d2ac-4e0a-8787-0d3a6b36b9f2",
      "title": "",
      "fullFile": "cypress/integration/examples/regresion.spec.js",
      "file": "cypress/integration/examples/regresion.spec.js",
      "beforeHooks": [],
      "afterHooks": [],
      "tests": [],
      "suites": [
        {
          "uuid": "22172a07-0b77-43c4-b36d-888d6ecc8189",
          "title": "End to End validation von Portal Umzug",
          "fullFile": "",
          "file": "",
          "beforeHooks": [],
          "afterHooks": [],
          "tests": [
            {
              "title": "Räume auswählen mit layout switch und counter validation",
              "fullTitle": "End to End validation von Portal Umzug Räume auswählen mit layout switch und counter validation",
              "timedOut": null,
              "duration": 10873,
              "state": "failed",
              "speed": null,
              "pass": false,
              "fail": true,
              "pending": false,
              "context": null,
              "code": "cy.get('.col-sm-12 > #source_address').type(\"Landsberger str 289\");\ncy.get('.pac-item').first().click();\ncy.get('#destination_address').type(\"Am Schlosspark 12 82131\");\ncy.get('.pac-item').first().click();\ncy.get('#pickdate').click();\nportal.getPortalDatepicker().click();\ncy.get('.check-price > .btn').click();\ncy.get(':nth-child(2) > [style=\"padding:10px;\"] > .row > :nth-child(2) > .add > img').click();\ncy.wait(1000);\ncy.get('.navigation-steps.rooms-counter').should(\"have.text\", \"1 Räume ausgewählt\");\ncy.get('.counter-plus').click();\ncy.get('.active > .room-config > .remove > img').should(\"be.visible\");\ncy.get('[data-attribute=\"4\"] > .room-config > .add > img').click();\ncy.wait(1000);\ncy.get('.navigation-steps.rooms-counter').should(\"have.text\", \"2 Räume ausgewählt\");\ncy.get('.counter-plus').click();\ncy.get(':nth-child(3) > [style=\"padding:10px;\"] > .row > :nth-child(2) > .remove > img').should(\"be.visible\");",
              "err": {
                "message": "AssertionError: Timed out retrying after 4000ms: Expected to find element: `.active > .room-config > .remove > img`, but never found it.",
                "estack": "AssertionError: Timed out retrying after 4000ms: Expected to find element: `.active > .room-config > .remove > img`, but never found it.\n    at Context.eval (https://www.traluma.de/__cypress/tests?p=cypress/integration/examples/regresion.spec.js:31:54)",
                "diff": null
              },
              "uuid": "c2bfe603-d4ea-4c16-ad11-23d2588b512a",
              "parentUUID": "22172a07-0b77-43c4-b36d-888d6ecc8189",
              "isHook": false,
              "skipped": false
            },
            {
              "title": "Objekte auswählen mit layout switch und counter validation",
              "fullTitle": "End to End validation von Portal Umzug Objekte auswählen mit layout switch und counter validation",
              "timedOut": null,
              "duration": 20284,
              "state": "passed",
              "speed": "slow",
              "pass": true,
              "fail": false,
              "pending": false,
              "context": null,
              "code": "cy.get('.col-sm-12 > #source_address').type(\"Landsberger str 289\");\ncy.get('.pac-item').first().click();\ncy.get('#destination_address').type(\"Am Schlosspark 12 82131\");\ncy.get('.pac-item').first().click();\ncy.get('#pickdate').click();\nportal.getPortalDatepicker().click();\ncy.get('.check-price > .btn').click();\ncy.get(':nth-child(2) > [style=\"padding:10px;\"] > .row > :nth-child(2) > .add > img').click();\ncy.get('.middle > .btn').click();\ncy.get('[data-attribute=\"1071\"] > :nth-child(2) > .select-object > img').click();\ncy.get('.selected-objects').should(\"have.text\", \"(1)\");\ncy.wait(1000);\ncy.get('.rooms-counter > .counter-plus').click();\ncy.get('#spinner-1071 > .counter-text').should(\"be.visible\");\ncy.get('[data-attribute=\"1144\"] > .obj-title > .select-object > img').click();\ncy.get('#spinner-1144 > .counter-plus').click();\ncy.get('#spinner-1144 > .counter-plus').should(\"be.visible\");\ncy.get('.selected-objects').should(\"have.text\", \"(2)\");\ncy.get('.rooms-counter > .counter-plus').click();\ncy.get('#spinner-1071 > .counter-text').should(\"be.visible\");\ncy.get('#spinner-1144 > .counter-text').should(\"be.visible\");",
              "err": {},
              "uuid": "e2fa4d2d-38e0-4c02-a75b-a89ffb91b244",
              "parentUUID": "22172a07-0b77-43c4-b36d-888d6ecc8189",
              "isHook": false,
              "skipped": false
            },
            {
              "title": "Mehrere räume Auswahlen mit Objekten befüllen und vor und zurücknavigieren",
              "fullTitle": "End to End validation von Portal Umzug Mehrere räume Auswahlen mit Objekten befüllen und vor und zurücknavigieren",
              "timedOut": null,
              "duration": 37987,
              "state": "passed",
              "speed": "slow",
              "pass": true,
              "fail": false,
              "pending": false,
              "context": null,
              "code": "cy.get('.col-sm-12 > #source_address').type(\"Landsberger str 289\");\ncy.get('.pac-item').first().click();\ncy.get('#destination_address').type(\"Am Schlosspark 12 82131\");\ncy.get('.pac-item').first().click();\ncy.get('#pickdate').click();\nportal.getPortalDatepicker().click();\ncy.get('.check-price > .btn').click();\ncy.get(':nth-child(2) > [style=\"padding:10px;\"] > .row > :nth-child(2) > .add > img').click();\ncy.get(':nth-child(3) > [style=\"padding:10px;\"] > .row > :nth-child(2) > .add > img').click();\ncy.get(':nth-child(4) > [style=\"padding:10px;\"] > .row > :nth-child(2) > .add > img').click();\ncy.get('.middle > .btn').click();\ncy.get(':nth-child(2) > .col-sm-5 > :nth-child(1)').should(\"have.text\", \"Wohnzimmer\");\ncy.get('[data-attribute=\"1071\"] > :nth-child(2) > .select-object > img').click();\ncy.get('.selected-objects').should(\"have.text\", \"(1)\");\ncy.get('.col-sm-2 > .btn-next-room').click();\ncy.get(':nth-child(2) > .col-sm-5 > :nth-child(1)').should(\"have.text\", \"Schlafzimmer\");\ncy.get('[data-attribute=\"1021\"] > :nth-child(2) > .select-object > img').click();\ncy.get('.selected-objects').should(\"have.text\", \"(1)\");\ncy.get('.col-sm-2 > .btn-next-room').click();\ncy.get(':nth-child(2) > .col-sm-5 > :nth-child(1)').should(\"have.text\", \"Keller\");\ncy.get('.select-object > img').click();\ncy.get('.selected-objects').should(\"have.text\", \"(1)\");\ncy.get('.col-sm-2 > .btn-next-room').should(\"not.exist\");\ncy.get('.click-previous').click();\ncy.get(':nth-child(2) > .col-sm-5 > :nth-child(1)').should(\"have.text\", \"Schlafzimmer\");\ncy.get('.selected-objects').should(\"have.text\", \"(1)\");\ncy.get('.click-previous').click();\ncy.get(':nth-child(2) > .col-sm-5 > :nth-child(1)').should(\"have.text\", \"Wohnzimmer\");\ncy.get('.selected-objects').should(\"have.text\", \"(1)\");\ncy.get('.back').click();\ncy.url().should(\"include\", \"room-selection\");\ncy.get('.middle > .btn').click();\ncy.get(':nth-child(2) > .col-sm-5 > :nth-child(1)').should(\"have.text\", \"Wohnzimmer\");\ncy.get('.selected-objects').should(\"have.text\", \"(1)\");\ncy.get('.middle > .btn').click();\ncy.get(':nth-child(2) > .col-sm-5 > :nth-child(1)').should(\"have.text\", \"Schlafzimmer\");\ncy.get('.selected-objects').should(\"have.text\", \"(1)\");\ncy.get('.middle > .btn').click();\ncy.get(':nth-child(2) > .col-sm-5 > :nth-child(1)').should(\"have.text\", \"Keller\");\ncy.get('.selected-objects').should(\"have.text\", \"(1)\");",
              "err": {},
              "uuid": "b037d84f-25a6-41e2-ab52-58145bf6a036",
              "parentUUID": "22172a07-0b77-43c4-b36d-888d6ecc8189",
              "isHook": false,
              "skipped": false
            },
            {
              "title": "Manuellen auftrag anlegen",
              "fullTitle": "End to End validation von Portal Umzug Manuellen auftrag anlegen",
              "timedOut": null,
              "duration": 28340,
              "state": "passed",
              "speed": "slow",
              "pass": true,
              "fail": false,
              "pending": false,
              "context": null,
              "code": "cy.get('.col-sm-12 > #source_address').type(\"Landsberger str 289\");\ncy.get('.pac-item').first().click();\ncy.get('#destination_address').type(\"Am Schlosspark 12 82131\");\ncy.get('.pac-item').first().click();\ncy.get('#pickdate').click();\nportal.getPortalDatepicker().click();\ncy.get('.check-price > .btn').click();\ncy.get(':nth-child(2) > [style=\"padding:10px;\"] > .row > :nth-child(2) > .add > img').click();\ncy.get(':nth-child(3) > [style=\"padding:10px;\"] > .row > :nth-child(2) > .add > img').click();\ncy.get('.navigation-steps.rooms-counter').should(\"have.text\", \"2 Räume ausgewählt\");\ncy.get('.middle > .btn').click();\ncy.get('[data-attribute=\"1071\"] > :nth-child(2) > .select-object > img').click();\ncy.get('#spinner-1071 > .counter-plus').click();\ncy.get('[data-attribute=\"1144\"] > :nth-child(2) > .select-object > img').click();\ncy.get('[data-attribute=\"1202\"] > :nth-child(2) > .select-object > img').click();\ncy.get('.middle > .btn').click();\ncy.get('[data-attribute=\"1021\"] > :nth-child(2) > .select-object > img').click();\ncy.get('#spinner-1021 > .counter-plus').click();\ncy.get('a > .btn').click();\ncy.get('select[id=\"source_elevator\"]').select('1', {\n  force: true\n});\ncy.get('select[id=\"source_floor\"]').select('1', {\n  force: true\n});\ncy.get('select[id=\"source_outside_lift\"]').select('1', {\n  force: true\n});\ncy.get('[style=\"width:55%;text-align:left\"] > input').type(\"10\");\ncy.get('[style=\"width:45%;text-align:left\"] > input').type(\"10\");\ncy.get('select[id=\"destination_elevator\"]').select('1', {\n  force: true\n});\ncy.get('select[id=\"destination_floor\"]').select('1', {\n  force: true\n});\ncy.get('select[id=\"destination_outside_lift\"]').select('1', {\n  force: true\n});\ncy.get('[style=\"width:55%;text-align:right\"] > input').type(\"10\");\ncy.get('[style=\"width:45%;text-align:right\"] > input').type(\"10\");\ncy.get('.middle > .btn').click();\ncy.get(':nth-child(3) > .media > .media-body > .media-body-right > .btn').should(\"have.text\", \"Jetzt Angebot einholen\");\ncy.get(':nth-child(3) > .media > .media-body > .media-body-right > .btn').click();\ncy.get(':nth-child(3) > .media > .media-body > .media-body-right > .btn').should(\"have.text\", \"Abwählen\");\ncy.get(':nth-child(3) > .media > .media-body > .media-body-right > .btn').click();\ncy.get(':nth-child(3) > .media > .media-body > .media-body-right > .btn').should(\"have.text\", \"Jetzt Angebot einholen\");\ncy.get(':nth-child(3) > .media > .media-body > .media-body-right > .btn').click();\ncy.wait(1000);\ncy.get('.middle > .btn').click();\ncy.get('.dsvgo').click();\ncy.get('#save').click();\ncy.get('[style=\"margin-right:1%;\"] > .move-confirm-block > .move-form-body > :nth-child(1) > tbody > tr > .confirmation-content').should(\"have.text\", \"\\n                                        Wohnung                                    \");\ncy.get('[style=\"margin-right:1%;\"] > .move-confirm-block > .move-form-body > :nth-child(2) > tbody > tr > .confirmation-content').should(\"have.text\", \"\\n                                        München                                    \");\ncy.get('[style=\"margin-right:1%;\"] > .move-confirm-block > .move-form-body > :nth-child(3) > tbody > tr > .confirmation-content').should(\"have.text\", \"\\n                                        80687                                    \");\ncy.get('[style=\"margin-right:1%;\"] > .move-confirm-block > .move-form-body > :nth-child(4) > tbody > tr > .confirmation-content').should(\"have.text\", \"\\n                                        Landsberger Straße 289                                    \");\ncy.get('[style=\"margin-right:1%;\"] > .move-confirm-block > .move-form-body > :nth-child(5) > tbody > tr > .confirmation-content').should(\"have.text\", \"\\n                                        1-4 Personen                                    \");\ncy.get('[style=\"margin-right:1%;\"] > .move-confirm-block > .move-form-body > :nth-child(6) > tbody > tr > .confirmation-content').should(\"have.text\", \"\\n                                        1                                    \");\ncy.get('[style=\"margin-right:1%;\"] > .move-confirm-block > .move-form-body > :nth-child(7) > tbody > tr > .confirmation-content').should(\"have.text\", \"\\n                                        Ja                                    \");\ncy.get('[style=\"margin-right:1%;\"] > .move-confirm-block > .move-form-body > :nth-child(8) > tbody > tr > .confirmation-content').should(\"have.text\", \"\\n                                        10                                    \");\ncy.get('[style=\"margin-right:1%;\"] > .move-confirm-block > .move-form-body > :nth-child(9) > tbody > tr > .confirmation-content').should(\"have.text\", \"\\n                                        Nein                                    \");\ncy.get('[style=\"margin-right:1%;\"] > .move-confirm-block > .move-form-body > :nth-child(10) > tbody > tr > .confirmation-content').should(\"have.text\", \"\\n                                        10                                    \");\ncy.get('[style=\"margin-left:1%;\"] > .move-confirm-block > .move-form-body > :nth-child(1) > tbody > tr > .confirmation-content').should(\"have.text\", \"\\n                                            Wohnung                                        \");\ncy.get('[style=\"margin-left:1%;\"] > .move-confirm-block > .move-form-body > :nth-child(2) > tbody > tr > .confirmation-content').should(\"have.text\", \"\\n                                            Gauting                                        \");\ncy.get('[style=\"margin-left:1%;\"] > .move-confirm-block > .move-form-body > :nth-child(3) > tbody > tr > .confirmation-content').should(\"have.text\", \"\\n                                            82131                                        \");\ncy.get('[style=\"margin-left:1%;\"] > .move-confirm-block > .move-form-body > :nth-child(4) > tbody > tr > .confirmation-content').should(\"have.text\", \"\\n                                            Am Schloßpark 12                                        \");\ncy.get('[style=\"margin-left:1%;\"] > .move-confirm-block > .move-form-body > :nth-child(5) > tbody > tr > .confirmation-content').should(\"have.text\", \"\\n                                            1-4 Personen                                        \");\ncy.get('[style=\"margin-left:1%;\"] > .move-confirm-block > .move-form-body > :nth-child(6) > tbody > tr > .confirmation-content').should(\"have.text\", \"\\n                                            1                                        \");\ncy.get('[style=\"margin-left:1%;\"] > .move-confirm-block > .move-form-body > :nth-child(7) > tbody > tr > .confirmation-content').should(\"have.text\", \"\\n                                            Ja                                        \");\ncy.get('[style=\"margin-left:1%;\"] > .move-confirm-block > .move-form-body > :nth-child(8) > tbody > tr > .confirmation-content').should(\"have.text\", \"\\n                                            10                                        \");\ncy.get('[style=\"margin-left:1%;\"] > .move-confirm-block > .move-form-body > :nth-child(9) > tbody > tr > .confirmation-content').should(\"have.text\", \"\\n                                            Nein                                        \");\ncy.get('[style=\"margin-left:1%;\"] > .move-confirm-block > .move-form-body > :nth-child(10) > tbody > tr > .confirmation-content').should(\"have.text\", \"\\n                                            10                                        \");\n/*cy.get(':nth-child(2) > [style=\"width:33%; text-align:right;\"]').should(\"have.text\", \"2 \")\n cy.get(':nth-child(3) > [style=\"width:33%; text-align:right;\"]').should(\"have.text\", \"1 \")\n cy.get(':nth-child(4) > [style=\"width:33%; text-align:right;\"]').should(\"have.text\", \"1 \")\n cy.get(':nth-child(5) > [style=\"width:33%; text-align:right;\"]').should(\"have.text\", \"2 \") */",
              "err": {},
              "uuid": "de954baf-d154-44ea-8857-016b416dc9d4",
              "parentUUID": "22172a07-0b77-43c4-b36d-888d6ecc8189",
              "isHook": false,
              "skipped": false
            }
          ],
          "suites": [],
          "passes": [
            "e2fa4d2d-38e0-4c02-a75b-a89ffb91b244",
            "b037d84f-25a6-41e2-ab52-58145bf6a036",
            "de954baf-d154-44ea-8857-016b416dc9d4"
          ],
          "failures": [
            "c2bfe603-d4ea-4c16-ad11-23d2588b512a"
          ],
          "pending": [],
          "skipped": [],
          "duration": 97484,
          "root": false,
          "rootEmpty": false,
          "_timeout": 2000
        },
        {
          "uuid": "80bb1110-bfdc-43e2-baf9-bd09d824bf4d",
          "title": "End to End validation von dem Kunden",
          "fullFile": "",
          "file": "",
          "beforeHooks": [],
          "afterHooks": [],
          "tests": [
            {
              "title": "Privatkunde normal anlegen",
              "fullTitle": "End to End validation von dem Kunden Privatkunde normal anlegen",
              "timedOut": null,
              "duration": 27548,
              "state": "failed",
              "speed": null,
              "pass": false,
              "fail": true,
              "pending": false,
              "context": null,
              "code": "cy.get(':nth-child(7) > .btn').click();\ncy.get(':nth-child(5) > .toggle > .toggle-group > .active').click();\ncy.get('select#title').select('Frau');\ncy.get('#Customer_first_name').type(\"Test\");\ncy.get('#Customer_last_name').type(\"Cypress\");\ncy.get('#street_name').type(\"Landsberger str 289\");\ncy.get('.pac-item').first().click();\ncy.get('#Customer_user_email').type(\"person@cypress.com\");\ncy.get('#Customer_mobile').type(\"17682278398\");\ncy.get('#Customer_website').type(\"www.person.com\");\ncy.get('#Customer_tax').type(\"10\");\ncy.get('#CustomerPosition_title').type(\"Cypress\");\ncy.get('#CustomerPosition_amount').type(\"100\");\ncy.get('select[name=\"unit[]\"]').select('KM');\ncy.get('.row.pull-right > :nth-child(2) > .btn').click();\ncy.get('.search-title > h6').should(\"have.text\", \"\\n                                Personen                            \");\ncy.get('.search-title > p').should(\"be.visible\");\ncy.get(':nth-child(1) > :nth-child(2) > .search-box > .search-table > tbody > :nth-child(3) > .search-title').should(\"be.visible\");\ncy.get(':nth-child(3) > .search-box > .search-table > tbody > :nth-child(3) > .search-title').should(\"be.visible\");\ncy.get(':nth-child(4) > .search-title').should(\"be.visible\");\ncy.get(':nth-child(3) > .search-title > .search-table > tbody > tr > .text-right').should(\"have.text\", \"10.00%\");\ncy.get('[style=\"width:50%;padding-top:5px;padding-bottom:5px;\"]').should(\"have.text\", \"Cypress\");\ncy.get('[style=\"width:33.33%;padding-top:5px;padding-bottom:5px;\"]').should(\"have.text\", \"KM\");\ncy.get(':nth-child(4) > :nth-child(2) > .search-box > .table > :nth-child(1) > :nth-child(2) > .search-title > .search-table > tbody > tr > .text-right').should(\"have.text\", \"100,00 EUR\");",
              "err": {
                "message": "AssertionError: Timed out retrying after 4000ms: expected '<td.text-right>' to have text '100,00 EUR', but the text was '100,00 USD'",
                "estack": "AssertionError: Timed out retrying after 4000ms: expected '<td.text-right>' to have text '100,00 EUR', but the text was '100,00 USD'\n    at Context.eval (https://www.tralumaxpress.de/__cypress/tests?p=cypress/integration/examples/regresion.spec.js:216:159)",
                "diff": "- '100,00 USD'\n+ '100,00 EUR'\n"
              },
              "uuid": "75edff7c-af96-4875-bbdd-38c7ed03d982",
              "parentUUID": "80bb1110-bfdc-43e2-baf9-bd09d824bf4d",
              "isHook": false,
              "skipped": false
            },
            {
              "title": "Kunden suchen",
              "fullTitle": "End to End validation von dem Kunden Kunden suchen",
              "timedOut": null,
              "duration": 14661,
              "state": "passed",
              "speed": "slow",
              "pass": true,
              "fail": false,
              "pending": false,
              "context": null,
              "code": "cy.get('[style=\"text-align:center;\"] > a > .icon').click();\ncy.get('.block-group > :nth-child(1) > :nth-child(2) > .form-control').type(\"Cypress\");\ncy.wait(2000);\ncy.get(':nth-child(6) > .col-md-12 > #example_wrapper > #example > tbody > :nth-child(1) > .sorting_1').should(\"be.visible\");",
              "err": {},
              "uuid": "c586b0b4-dd71-48fe-90c8-36b4db097a23",
              "parentUUID": "80bb1110-bfdc-43e2-baf9-bd09d824bf4d",
              "isHook": false,
              "skipped": false
            },
            {
              "title": "Privatkunde in Listenansicht korrekt angezeigt und löschen",
              "fullTitle": "End to End validation von dem Kunden Privatkunde in Listenansicht korrekt angezeigt und löschen",
              "timedOut": null,
              "duration": 14448,
              "state": "passed",
              "speed": "slow",
              "pass": true,
              "fail": false,
              "pending": false,
              "context": null,
              "code": "cy.get(':nth-child(5) > [href=\"javascript:void(0);\"] > .menu-text').click();\ncy.contains(\"Kundenstamm\").click();\ncy.get('tbody > :nth-child(1) > :nth-child(2)').should(\"have.text\", \"Personen\");\ncy.get('tbody > :nth-child(1) > :nth-child(3)').should(\"have.text\", \"Frau Test Cypress\");\ncy.get('tbody > :nth-child(1) > :nth-child(4)').should(\"have.text\", \"Landsberger Straße 289\");\ncy.get('tbody > :nth-child(1) > :nth-child(5)').should(\"have.text\", \"80687\");\ncy.get('tbody > :nth-child(1) > :nth-child(6)').should(\"have.text\", \"München\");\ncy.get('tbody > :nth-child(1) > :nth-child(7)').should(\"have.text\", \"Deutschland\");\ncy.get('tbody > :nth-child(1) > :nth-child(8)').should(\"be.visible\");\ncy.get('tbody > :nth-child(1) > :nth-child(9)').should(\"have.text\", \"person@cypress.com\");\ncy.get(':nth-child(1) > .action-buttons > .icon-remove > .icon').click();\ncy.wait(1500);",
              "err": {},
              "uuid": "25724afd-fd47-41d6-bf81-cfc999e17173",
              "parentUUID": "80bb1110-bfdc-43e2-baf9-bd09d824bf4d",
              "isHook": false,
              "skipped": false
            },
            {
              "title": "Firmenkunden normal anlegen ",
              "fullTitle": "End to End validation von dem Kunden Firmenkunden normal anlegen ",
              "timedOut": null,
              "duration": 25975,
              "state": "failed",
              "speed": null,
              "pass": false,
              "fail": true,
              "pending": false,
              "context": null,
              "code": "cy.get(':nth-child(7) > .btn').click();\ncy.get('#Customer_company').type(\"Cypress Test Company\");\ncy.get('#Customer_additional_information').type(\"Rons Test\");\ncy.get('#street_name').type(\"Landsberger str 289\");\ncy.get('.pac-item').first().click();\ncy.get('#Customer_user_email').type(\"person@cypress.com\");\ncy.get('#Customer_mobile').type(\"17682278398\");\ncy.get('#Customer_website').type(\"www.person.com\");\ncy.get(\"select#Customer_contact_person_title\").select(\"Frau\");\ncy.get('#Customer_contact_person_first_name').type(\"Veronika\");\ncy.get('#Customer_contact_person_last_name').type(\"Kirsanova\");\ncy.get('#Customer_contact_person_email').type(\"contact@mail.com\");\ncy.get('#Customer_contact_person_mobile').type(\"123456789\");\ncy.get('#Customer_tax').type(\"10\");\ncy.get('#CustomerPosition_title').type(\"Cypress\");\ncy.get('#CustomerPosition_amount').type(\"100\");\ncy.get('select[name=\"unit[]\"]').select('KM');\ncy.get('.row.pull-right > :nth-child(2) > .btn').click();\ncy.get('.search-title > h6').should(\"have.text\", \"\\n                                Firma                            \");\ncy.get('.search-title > p').should(\"be.visible\");\ncy.get(':nth-child(5) > .search-title > b').should(\"have.text\", \"Kontaktpersonen\");\ncy.get(':nth-child(6) > .search-title').should(\"be.visible\");\ncy.get(':nth-child(1) > :nth-child(2) > .search-box > .search-table > tbody > :nth-child(3) > .search-title').should(\"be.visible\");\ncy.get(':nth-child(3) > .search-box > .search-table > tbody > :nth-child(3) > .search-title').should(\"be.visible\");\ncy.get(':nth-child(4) > .search-title').should(\"be.visible\");\ncy.get(':nth-child(3) > .search-title > .search-table > tbody > tr > .text-right').should(\"have.text\", \"10.00%\");\ncy.get('[style=\"width:50%;padding-top:5px;padding-bottom:5px;\"]').should(\"have.text\", \"Cypress\");\ncy.get('[style=\"width:33.33%;padding-top:5px;padding-bottom:5px;\"]').should(\"have.text\", \"KM\");\ncy.get(':nth-child(4) > :nth-child(2) > .search-box > .table > :nth-child(1) > :nth-child(2) > .search-title > .search-table > tbody > tr > .text-right').should(\"have.text\", \"100,00 EUR\");",
              "err": {
                "message": "AssertionError: Timed out retrying after 4000ms: expected '<td.text-right>' to have text '100,00 EUR', but the text was '100,00 USD'",
                "estack": "AssertionError: Timed out retrying after 4000ms: expected '<td.text-right>' to have text '100,00 EUR', but the text was '100,00 USD'\n    at Context.eval (https://www.tralumaxpress.de/__cypress/tests?p=cypress/integration/examples/regresion.spec.js:267:159)",
                "diff": "- '100,00 USD'\n+ '100,00 EUR'\n"
              },
              "uuid": "df15fcde-e14e-4f72-bb0f-537ee1bb98f9",
              "parentUUID": "80bb1110-bfdc-43e2-baf9-bd09d824bf4d",
              "isHook": false,
              "skipped": false
            },
            {
              "title": "Firmenkunden in Listenansicht korrekt angezeigt",
              "fullTitle": "End to End validation von dem Kunden Firmenkunden in Listenansicht korrekt angezeigt",
              "timedOut": null,
              "duration": 12441,
              "state": "passed",
              "speed": "slow",
              "pass": true,
              "fail": false,
              "pending": false,
              "context": null,
              "code": "cy.get(':nth-child(5) > [href=\"javascript:void(0);\"] > .menu-text').click();\ncy.contains(\"Kundenstamm\").click();\ncy.get('tbody > :nth-child(1) > :nth-child(2)').should(\"have.text\", \"Firma\");\ncy.get('tbody > :nth-child(1) > :nth-child(3)').should(\"have.text\", \"Cypress Test Company\");\ncy.get('tbody > :nth-child(1) > :nth-child(4)').should(\"have.text\", \"Landsberger Straße 289\");\ncy.get('tbody > :nth-child(1) > :nth-child(5)').should(\"have.text\", \"80687\");\ncy.get('tbody > :nth-child(1) > :nth-child(6)').should(\"have.text\", \"München\");\ncy.get('tbody > :nth-child(1) > :nth-child(7)').should(\"have.text\", \"Deutschland\");\ncy.get('tbody > :nth-child(1) > :nth-child(8)').should(\"be.visible\");\ncy.get('tbody > :nth-child(1) > :nth-child(9)').should(\"have.text\", \"person@cypress.com\");",
              "err": {},
              "uuid": "4da4523b-9869-4cda-ad71-f2ec9dfaf7c8",
              "parentUUID": "80bb1110-bfdc-43e2-baf9-bd09d824bf4d",
              "isHook": false,
              "skipped": false
            }
          ],
          "suites": [],
          "passes": [
            "c586b0b4-dd71-48fe-90c8-36b4db097a23",
            "25724afd-fd47-41d6-bf81-cfc999e17173",
            "4da4523b-9869-4cda-ad71-f2ec9dfaf7c8"
          ],
          "failures": [
            "75edff7c-af96-4875-bbdd-38c7ed03d982",
            "df15fcde-e14e-4f72-bb0f-537ee1bb98f9"
          ],
          "pending": [],
          "skipped": [],
          "duration": 95073,
          "root": false,
          "rootEmpty": false,
          "_timeout": 2000
        },
        {
          "uuid": "637b1ddd-45a9-4d01-9e71-2eba15c51ea0",
          "title": "End to End validation of order, offer & draft process",
          "fullFile": "",
          "file": "",
          "beforeHooks": [],
          "afterHooks": [],
          "tests": [
            {
              "title": "Auftrag für Bestandskunden erstellen ohne Task in Netto",
              "fullTitle": "End to End validation of order, offer & draft process Auftrag für Bestandskunden erstellen ohne Task in Netto",
              "timedOut": null,
              "duration": 26249,
              "state": "passed",
              "speed": "slow",
              "pass": true,
              "fail": false,
              "pending": false,
              "context": null,
              "code": "cy.get('.button-email > :nth-child(1) > .btn').click();\ncy.wait(1000);\ncy.get('.search-contact-input-group > .form-control').type(\"Arnold\");\ncy.contains(\"Arnold Stallone\").click();\ncy.get('.col-md-12 > .form-control').type(\"Cypress test\");\ncy.get('#product').type(\"Cypress position\");\ncy.get(':nth-child(11) > sev-product-list > .invoice-product-list > .form-inline > .sev-product-list-item-width-fix > .df-sb > .product-row > :nth-child(2) > .flex > sev-input-number.p-r-0-on-child > .form-control').type(\"2\");\ncy.get(':nth-child(11) > sev-product-list > .invoice-product-list > .form-inline > .sev-product-list-item-width-fix > .df-sb > .product-row > [ng-show=\"showNet\"] > .form-control').type(\"250\");\ncy.get('#regular_price').should(\"have.text\", \"500,00 EUR\");\ncy.get('.save-group > :nth-child(2) > .btn').click();\ncy.get('.create-task-no').click();\ncy.url().should(\"include\", \"order/index\");",
              "err": {},
              "uuid": "f431ced1-9587-4aae-85b2-b6675c23a2e0",
              "parentUUID": "637b1ddd-45a9-4d01-9e71-2eba15c51ea0",
              "isHook": false,
              "skipped": false
            },
            {
              "title": "Angebot für Bestandskunden erstellen in Netto",
              "fullTitle": "End to End validation of order, offer & draft process Angebot für Bestandskunden erstellen in Netto",
              "timedOut": null,
              "duration": 23696,
              "state": "passed",
              "speed": "slow",
              "pass": true,
              "fail": false,
              "pending": false,
              "context": null,
              "code": "cy.get('.button-email > :nth-child(2) > .btn').click();\ncy.wait(1000);\ncy.get('.search-contact-input-group > .form-control').type(\"Arnold\");\ncy.contains(\"Arnold Stallone\").click();\ncy.get('.col-md-12 > .form-control').type(\"Cypress test\");\ncy.get('#product').type(\"Cypress position\");\ncy.get(':nth-child(11) > sev-product-list > .invoice-product-list > .form-inline > .sev-product-list-item-width-fix > .df-sb > .product-row > :nth-child(2) > .flex > sev-input-number.p-r-0-on-child > .form-control').type(\"2\");\ncy.get(':nth-child(11) > sev-product-list > .invoice-product-list > .form-inline > .sev-product-list-item-width-fix > .df-sb > .product-row > [ng-show=\"showNet\"] > .form-control').type(\"250\");\ncy.get('#regular_price').should(\"have.text\", \"500,00 EUR\");\ncy.get('.save-group > :nth-child(2) > .btn').click();\ncy.url().should(\"include\", \"orderoffer/index\");",
              "err": {},
              "uuid": "a778fcad-243b-42d8-83b7-aa62f7952e1e",
              "parentUUID": "637b1ddd-45a9-4d01-9e71-2eba15c51ea0",
              "isHook": false,
              "skipped": false
            },
            {
              "title": "Angebot in Auftrag wandeln",
              "fullTitle": "End to End validation of order, offer & draft process Angebot in Auftrag wandeln",
              "timedOut": null,
              "duration": 31968,
              "state": "passed",
              "speed": "slow",
              "pass": true,
              "fail": false,
              "pending": false,
              "context": null,
              "code": "cy.get('.for-xpress > a').click();\ncy.get(':nth-child(4) > [href=\"javascript:void(0);\"] > .menu-text').click();\ncy.contains(\"Angebotsübersicht\").click();\ncy.get('tbody > :nth-child(1) > :nth-child(1)').click();\ncy.get('.order-detail > :nth-child(2) > :nth-child(1) > :nth-child(2) > :nth-child(1) > p').should(\"have.text\", \"Herr Arnold Stallone\");\ncy.get(':nth-child(1) > p > .pull-right').should(\"have.text\", \"500,00 EUR\");\ncy.contains(\"Ändern\").click();\ncy.get('#regular_price').should(\"have.text\", \"500,00 EUR\");\ncy.get('.save-group > :nth-child(3) > .btn').click();\ncy.get('.create-task-no').click();\ncy.url().should(\"include\", \"order/index\");",
              "err": {},
              "uuid": "07320696-3d27-4948-81fb-02be980d8e94",
              "parentUUID": "637b1ddd-45a9-4d01-9e71-2eba15c51ea0",
              "isHook": false,
              "skipped": false
            },
            {
              "title": "Draft speichern und in Angebot & Auftrag wandeln",
              "fullTitle": "End to End validation of order, offer & draft process Draft speichern und in Angebot & Auftrag wandeln",
              "timedOut": null,
              "duration": 60273,
              "state": "passed",
              "speed": "slow",
              "pass": true,
              "fail": false,
              "pending": false,
              "context": null,
              "code": "cy.get('.button-email > :nth-child(1) > .btn').click();\ncy.wait(1000);\ncy.get('.search-contact-input-group > .form-control').type(\"Arnold\");\ncy.contains(\"Arnold Stallone\").click();\ncy.get('.col-md-12 > .form-control').type(\"Cypress test\");\ncy.get('#product').type(\"Cypress position\");\ncy.get(':nth-child(11) > sev-product-list > .invoice-product-list > .form-inline > .sev-product-list-item-width-fix > .df-sb > .product-row > :nth-child(2) > .flex > sev-input-number.p-r-0-on-child > .form-control').type(\"2\");\ncy.get(':nth-child(11) > sev-product-list > .invoice-product-list > .form-inline > .sev-product-list-item-width-fix > .df-sb > .product-row > [ng-show=\"showNet\"] > .form-control').type(\"250\");\ncy.get('.add-item').click();\ncy.get('#regular_price').should(\"have.text\", \"500,00 EUR\");\ncy.contains(\"Entwurf speichern\").click();\ncy.url().should(\"include\", \"orderdrafts\");\ncy.get('tbody > :nth-child(1) > :nth-child(1)').click();\ncy.get('.order-detail > :nth-child(2) > :nth-child(1) > :nth-child(2) > :nth-child(1) > p').should(\"have.text\", \"Herr Arnold Stallone\");\ncy.get(':nth-child(1) > p > .pull-right').should(\"have.text\", \"500,00 EUR\");\ncy.contains(\"Ändern\").click();\ncy.get('#regular_price').should(\"have.text\", \"500,00 EUR\");\ncy.get('.save-group > :nth-child(2) > .btn').click();\ncy.url().should(\"include\", \"orderoffer/index\");\ncy.get('tbody > :nth-child(1) > :nth-child(1)').click();\ncy.get('.order-detail > :nth-child(2) > :nth-child(1) > :nth-child(2) > :nth-child(1) > p').should(\"have.text\", \"Herr Arnold Stallone\");\ncy.get(':nth-child(1) > p > .pull-right').should(\"have.text\", \"500,00 EUR\");\ncy.contains(\"Ändern\").click();\ncy.get('#regular_price').should(\"have.text\", \"500,00 EUR\");\ncy.get('.save-group > :nth-child(3) > .btn').click();\ncy.get('.create-task-no').click();\ncy.url().should(\"include\", \"order/index\");",
              "err": {},
              "uuid": "40324f81-7b83-49b7-ab2c-c0032301b9a3",
              "parentUUID": "637b1ddd-45a9-4d01-9e71-2eba15c51ea0",
              "isHook": false,
              "skipped": false
            },
            {
              "title": "Angebot für Bestandskunden erstellen mit units geladen",
              "fullTitle": "End to End validation of order, offer & draft process Angebot für Bestandskunden erstellen mit units geladen",
              "timedOut": null,
              "duration": 36483,
              "state": "passed",
              "speed": "slow",
              "pass": true,
              "fail": false,
              "pending": false,
              "context": null,
              "code": "cy.get('.button-email > :nth-child(2) > .btn').click();\ncy.wait(1000);\ncy.get('.search-contact-input-group > .form-control').type(\"Arnold\");\ncy.contains(\"Arnold Stallone\").click();\ncy.get('.col-md-12 > .form-control').type(\"Cypress test\");\ncy.get(':nth-child(1) > .sev-product-list-item-width-fix > .df-sb > .product-row > :nth-child(1) > sev-search-product > div > #product').type(\"Limousinenservice\");\ncy.contains(\"Limousinenservice\").click();\ncy.get('.add-item').click();\ncy.wait(1000);\ncy.get(':nth-child(2) > .sev-product-list-item-width-fix > .df-sb > .product-row > :nth-child(1) > sev-search-product > div > #product').type(\"Chauffeurservice\");\ncy.contains(\"Chauffeurservice\").click();\ncy.get('.add-item').click();\ncy.wait(1000);\ncy.get(':nth-child(3) > .sev-product-list-item-width-fix > .df-sb > .product-row > :nth-child(1) > sev-search-product > div > #product').type(\"Personentransport\");\ncy.contains(\"Personentransport\").click();\ncy.get('.add-item').click();\ncy.get('#regular_price').should(\"have.text\", \"6,00 EUR\");\ncy.get('.save-group > :nth-child(2) > .btn').click();\ncy.url().should(\"include\", \"orderoffer/index\");\ncy.get('tbody > :nth-child(1) > :nth-child(1)').click();\ncy.get('.order-detail > :nth-child(2) > :nth-child(1) > :nth-child(2) > :nth-child(1) > p').should(\"have.text\", \"Herr Arnold Stallone\");\ncy.get('tbody > :nth-child(1) > :nth-child(3)').should(\"have.text\", \"Stück\");\ncy.get('tbody > :nth-child(2) > :nth-child(3)').should(\"have.text\", \"Zeit/Dauer\");\ncy.get('tbody > :nth-child(3) > :nth-child(3)').should(\"have.text\", \"KM\");\ncy.get(':nth-child(1) > p > .pull-right').should(\"have.text\", \"6,00 EUR\");",
              "err": {},
              "uuid": "711c3367-a73e-4e18-be57-b4d1b32e3de9",
              "parentUUID": "637b1ddd-45a9-4d01-9e71-2eba15c51ea0",
              "isHook": false,
              "skipped": false
            },
            {
              "title": "Angebot in brutto erstellen und in Auftrag wandeln",
              "fullTitle": "End to End validation of order, offer & draft process Angebot in brutto erstellen und in Auftrag wandeln",
              "timedOut": null,
              "duration": 55924,
              "state": "passed",
              "speed": "slow",
              "pass": true,
              "fail": false,
              "pending": false,
              "context": null,
              "code": "cy.get('.button-email > :nth-child(2) > .btn').click();\ncy.wait(1000);\ncy.get('.search-contact-input-group > .form-control').type(\"Arnold\");\ncy.contains(\"Arnold Stallone\").click();\ncy.get('.col-md-12 > .form-control').type(\"Cypress test\");\ncy.get(':nth-child(1) > .sev-product-list-item-width-fix > .df-sb > .product-row > :nth-child(1) > sev-search-product > div > #product').type(\"Position1\");\ncy.get(':nth-child(11) > sev-product-list > .invoice-product-list > .form-inline > .sev-product-list-item-width-fix > .df-sb > .product-row > :nth-child(2) > .flex > sev-input-number.p-r-0-on-child > .form-control').type(\"2\");\ncy.get(':nth-child(11) > sev-product-list > .invoice-product-list > .form-inline > .sev-product-list-item-width-fix > .df-sb > .product-row > [ng-show=\"showNet\"] > .form-control').type(\"500\");\ncy.get('.add-item').click();\ncy.get(':nth-child(2) > .sev-product-list-item-width-fix > .df-sb > .product-row > :nth-child(1) > sev-search-product > div > #product').type(\"Position2\");\ncy.get(':nth-child(2) > .sev-product-list-item-width-fix > .df-sb > .product-row > :nth-child(2) > .flex > sev-input-number.p-r-0-on-child > .form-control').type(\"3\");\ncy.get(':nth-child(2) > .sev-product-list-item-width-fix > .df-sb > .product-row > [ng-show=\"showNet\"] > .form-control').type(\"100\");\ncy.get('#regular_price').should(\"have.text\", \"1.300,00 EUR\");\ncy.get('#total_price').should(\"have.text\", \"1.547,00 EUR\");\ncy.get('.gross-btn').click();\ncy.get(':nth-child(11) > sev-product-list > .invoice-product-list > :nth-child(1) > .sev-product-list-item-width-fix > .df-sb > .product-row > :nth-child(7) > .form-control').should(\"have.text\", \"1.190,00 EUR\");\ncy.get(':nth-child(2) > .sev-product-list-item-width-fix > .df-sb > .product-row > :nth-child(7) > .form-control').should(\"have.text\", \"357,00 EUR\");\ncy.get('#regular_price').should(\"have.text\", \"1.300,00 EUR\");\ncy.get('#total_price').should(\"have.text\", \"1.547,00 EUR\");\ncy.get('.save-group > :nth-child(2) > .btn').click();\ncy.url().should(\"include\", \"orderoffer/index\");\ncy.get('tbody > :nth-child(1) > :nth-child(1)').click();\ncy.get('.order-detail > :nth-child(2) > :nth-child(1) > :nth-child(2) > :nth-child(1) > p').should(\"have.text\", \"Herr Arnold Stallone\");\ncy.get('tbody > :nth-child(1) > :nth-child(6)').should(\"have.text\", \"1.190,00\");\ncy.get('tbody > :nth-child(2) > :nth-child(6)').should(\"have.text\", \"357,00\");\ncy.get(':nth-child(1) > p > .pull-right').should(\"have.text\", \"1.300,00 EUR\");\ncy.contains(\"Ändern\").click();\ncy.get('.form-group.ng-hide > .d-block').should(\"have.text\", \"Preis (Brutto)\");\ncy.get('#regular_price').should(\"have.text\", \"1.300,00 EUR\");\ncy.get('#total_price').should(\"have.text\", \"1.547,00 EUR\");\ncy.get('.add-item').click();\ncy.get(':nth-child(3) > .sev-product-list-item-width-fix > .df-sb > .product-row > :nth-child(1) > sev-search-product > div > #product').type(\"Position3\");\ncy.get(':nth-child(3) > .sev-product-list-item-width-fix > .df-sb > .product-row > :nth-child(2) > .flex > sev-input-number.p-r-0-on-child > .form-control').type(\"1\");\ncy.get(':nth-child(3) > .sev-product-list-item-width-fix > .df-sb > .product-row > .form-group.ng-hide > .form-control').type(\"100\");\ncy.get('.net-btn').click();\ncy.get(':nth-child(3) > .sev-product-list-item-width-fix > .df-sb > .product-row > :nth-child(7) > .form-control').should(\"have.text\", \"84,03 EUR\");\ncy.get('.gross-btn').click();\ncy.get('#regular_price').should(\"have.text\", \"1.384,03 EUR\");\ncy.get('#total_price').should(\"have.text\", \"1.647,00 EUR\");\ncy.get('.save-group > :nth-child(3) > .btn').click();\ncy.get('.create-task-no').click();\ncy.url().should(\"include\", \"order/index\");\ncy.get('tbody > :nth-child(1) > :nth-child(1)').click();\ncy.get('.order-detail > :nth-child(2) > :nth-child(1) > :nth-child(2) > :nth-child(1) > p').should(\"have.text\", \"Herr Arnold Stallone\");\ncy.get('tbody > :nth-child(1) > :nth-child(6)').should(\"have.text\", \"1.190,00\");\ncy.get('tbody > :nth-child(2) > :nth-child(6)').should(\"have.text\", \"357,00\");\ncy.get('tbody > :nth-child(3) > :nth-child(6)').should(\"have.text\", \"100,00\");\ncy.get(':nth-child(1) > p > .pull-right').should(\"have.text\", \"1.384,03 EUR\");",
              "err": {},
              "uuid": "48018a0c-1fde-4bfa-8bc2-47cf812b605b",
              "parentUUID": "637b1ddd-45a9-4d01-9e71-2eba15c51ea0",
              "isHook": false,
              "skipped": false
            },
            {
              "title": "Angebot für Bestandskunden erstellen mit objekt, raum und lokations info",
              "fullTitle": "End to End validation of order, offer & draft process Angebot für Bestandskunden erstellen mit objekt, raum und lokations info",
              "timedOut": null,
              "duration": 64889,
              "state": "failed",
              "speed": null,
              "pass": false,
              "fail": true,
              "pending": false,
              "context": null,
              "code": "cy.get('.button-email > :nth-child(2) > .btn').click();\ncy.wait(1000);\ncy.get('.search-contact-input-group > .form-control').type(\"Arnold\");\ncy.contains(\"Arnold Stallone\").click();\ncy.get('.col-md-12 > .form-control').type(\"Cypress test\");\ncy.get('#product').type(\"Cypress position\");\ncy.get(':nth-child(11) > sev-product-list > .invoice-product-list > .form-inline > .sev-product-list-item-width-fix > .df-sb > .product-row > :nth-child(2) > .flex > sev-input-number.p-r-0-on-child > .form-control').type(\"2\");\ncy.get(':nth-child(11) > sev-product-list > .invoice-product-list > .form-inline > .sev-product-list-item-width-fix > .df-sb > .product-row > [ng-show=\"showNet\"] > .form-control').type(\"250\");\ncy.get('.show-object-box').click();\ncy.wait(1000);\ncy.get('#objects').type(\"Flügel\");\ncy.contains(\"Flügel\").click();\ncy.get('.show-location-box').click();\ncy.get('#room-type-3').click();\ncy.get('#add_manual_location').click();\ncy.get('#obj-popup').should(\"be.visible\");\ncy.get(':nth-child(4) > :nth-child(1) > .item-type-block-title > h5 > .arrow').click();\ncy.get('.add-location-object > a').click();\ncy.wait(1000);\ncy.get(':nth-child(16) > .sev-product-list-item-width-fix > .df-sb > .product-row > :nth-child(1) > sev-search-product > div > #objects').type(\"Motorrad\");\ncy.contains(\"Motorrad\").click();\ncy.get('.show_move_option').click();\ncy.get('select#source_title').select('Frau');\ncy.get('.pick_info > :nth-child(1) > .col-md-4 > .form-control').type(\"Veronika\");\ncy.get('.pick_info > :nth-child(1) > :nth-child(3) > .form-control').type(\"Kirs\");\ncy.get('.pick_info > :nth-child(1) > :nth-child(4) > .form-control').type(\"Momo\");\ncy.get('#source_address').type(\"Am Schlosspark 12 82131\");\ncy.get('.pac-item').first().click();\ncy.get('select[name=\"source_elevator\"]').select('Ja');\ncy.get('select[name=\"source_floor\"]').select('1');\ncy.get('.source_carrying_meter').type(\"10\");\ncy.get('select[name=\"possible_outside_lift\"]').select('Ja');\ncy.get('.source_living_area').type(\"10\");\ncy.get('select[name=\"source_stop_zone\"]').select('Ja');\ncy.get('.location_tab > a').click();\ncy.get('#receiver_first_name').type(\"Tomas\");\ncy.get('#receiver_last_name').type(\"Pejic\");\ncy.get('#destination_address_').type(\"Landsberger str 289\");\ncy.get('.pac-item').first().click();\ncy.get('select[name=\"destination_elevator\"]').select('Ja');\ncy.get('select[name=\"destination_floor\"]').select('1');\ncy.get('#destination_carrying_meter').type(\"10\");\ncy.get('select[name=\"destination_possible_outside_lift\"]').select('Ja');\ncy.get('#destination_living_area').type(\"10\");\ncy.get('select[name=\"destination_stop_zone\"]').select('Ja');\ncy.get('#regular_price').should(\"have.text\", \"500,00 EUR\");\ncy.get('.save-group > :nth-child(2) > .btn').click();\ncy.url().should(\"include\", \"orderoffer/index\");\ncy.get('tbody > :nth-child(1) > :nth-child(1)').click();\ncy.get(':nth-child(2) > :nth-child(1) > :nth-child(3) > :nth-child(2) > .row > .col-md-8 > :nth-child(2)').should(\"have.text\", \"Am Schloßpark 12\\n82131 Gauting\\nDeutschland\");\ncy.get(':nth-child(3) > :nth-child(1) > :nth-child(1) > .order-block > p').should(\"have.text\", \"Momo\");\ncy.get(':nth-child(3) > :nth-child(1) > :nth-child(2) > :nth-child(1) > p').should(\"have.text\", \"Frau Veronika Kirs\");\ncy.get(':nth-child(3) > :nth-child(1) > :nth-child(3) > :nth-child(2) > .row > .col-md-8 > :nth-child(2)').should(\"have.text\", \"Am Schloßpark 12\");\ncy.get(':nth-child(3) > :nth-child(1) > :nth-child(3) > :nth-child(2) > .row > .col-md-8 > :nth-child(3)').should(\"have.text\", \"82131, Gauting\");\ncy.get(':nth-child(3) > :nth-child(1) > :nth-child(3) > :nth-child(2) > .row > .col-md-8 > :nth-child(4)').should(\"have.text\", \"DE\");\ncy.get(':nth-child(4) > :nth-child(1) > :nth-child(2) > :nth-child(1) > p').should(\"have.text\", \"Herr Tomas Pejic\");\ncy.get(':nth-child(4) > :nth-child(1) > :nth-child(3) > .order-block > .row > .col-md-8 > :nth-child(2)').should(\"have.text\", \"Landsberger Straße 289\");\ncy.get(':nth-child(4) > :nth-child(1) > :nth-child(3) > .order-block > .row > .col-md-8 > :nth-child(3)').should(\"have.text\", \"80687, München                                                                                                                                                                    \");\ncy.get(':nth-child(4) > :nth-child(1) > :nth-child(3) > .order-block > .row > .col-md-8 > :nth-child(4)').should(\"have.text\", \"DE\");\ncy.get(':nth-child(2) > .row-md-height > :nth-child(1) > .edit-home-form-block > .form-group > .col-sm-5 > .form-control').should(\"have.text\", \"Ja\");\ncy.get(':nth-child(3) > .row-md-height > :nth-child(1) > .edit-home-form-block > .form-group > .col-sm-5 > .form-control').should(\"have.text\", \"1\");\ncy.get(':nth-child(4) > .row-md-height > :nth-child(1) > .edit-home-form-block > .form-group > .col-sm-5 > .form-control').should(\"have.text\", \"1\");\ncy.get(':nth-child(5) > .row-md-height > :nth-child(1) > .edit-home-form-block > .form-group > .col-sm-5 > .form-control').should(\"have.text\", \"10\");\ncy.get(':nth-child(6) > .row-md-height > :nth-child(1) > .edit-home-form-block > .form-group > .col-sm-5 > .form-control').should(\"have.text\", \"10\");\ncy.get(':nth-child(7) > .row-md-height > :nth-child(1) > .edit-home-form-block > .form-group > .col-sm-5 > .form-control').should(\"have.text\", \"Ja\");\ncy.get(':nth-child(2) > .row-md-height > :nth-child(2) > .edit-home-form-block > .form-group > .col-sm-5 > .form-control').should(\"have.text\", \"Ja\");\ncy.get(':nth-child(3) > .row-md-height > :nth-child(2) > .edit-home-form-block > .form-group > .col-sm-5 > .form-control').should(\"have.text\", \"1\");\ncy.get(':nth-child(4) > .row-md-height > :nth-child(2) > .edit-home-form-block > .form-group > .col-sm-5 > .form-control').should(\"have.text\", \"1\");\ncy.get(':nth-child(5) > .row-md-height > :nth-child(2) > .edit-home-form-block > .form-group > .col-sm-5 > .form-control').should(\"have.text\", \"10\");\ncy.get(':nth-child(6) > .row-md-height > :nth-child(2) > .edit-home-form-block > .form-group > .col-sm-5 > .form-control').should(\"have.text\", \"10\");\ncy.get(':nth-child(7) > .row-md-height > :nth-child(2) > .edit-home-form-block > .form-group > .col-sm-5 > .form-control').should(\"have.text\", \"Ja\");",
              "err": {
                "message": "AssertionError: Timed out retrying after 4000ms: expected '<span.form-control>' to have text '1', but the text was 'Wählen'",
                "estack": "AssertionError: Timed out retrying after 4000ms: expected '<span.form-control>' to have text '1', but the text was 'Wählen'\n    at Context.eval (https://www.tralumaxpress.de/__cypress/tests?p=cypress/integration/examples/regresion.spec.js:499:128)",
                "diff": "- 'Wählen'\n+ '1'\n"
              },
              "uuid": "2c9d2990-608f-4222-bacd-8fcdb68d53d6",
              "parentUUID": "637b1ddd-45a9-4d01-9e71-2eba15c51ea0",
              "isHook": false,
              "skipped": false
            },
            {
              "title": "Auftrag für Bestandskunden erstellen mit objekt, raum und lokations info",
              "fullTitle": "End to End validation of order, offer & draft process Auftrag für Bestandskunden erstellen mit objekt, raum und lokations info",
              "timedOut": null,
              "duration": 67138,
              "state": "failed",
              "speed": null,
              "pass": false,
              "fail": true,
              "pending": false,
              "context": null,
              "code": "cy.get('.button-email > :nth-child(1) > .btn').click();\ncy.wait(1000);\ncy.get('.search-contact-input-group > .form-control').type(\"Arnold\");\ncy.contains(\"Arnold Stallone\").click();\ncy.get('.col-md-12 > .form-control').type(\"Cypress test\");\ncy.get('#product').type(\"Cypress position\");\ncy.get(':nth-child(11) > sev-product-list > .invoice-product-list > .form-inline > .sev-product-list-item-width-fix > .df-sb > .product-row > :nth-child(2) > .flex > sev-input-number.p-r-0-on-child > .form-control').type(\"2\");\ncy.get(':nth-child(11) > sev-product-list > .invoice-product-list > .form-inline > .sev-product-list-item-width-fix > .df-sb > .product-row > [ng-show=\"showNet\"] > .form-control').type(\"250\");\ncy.get('.show-object-box').click();\ncy.wait(1000);\ncy.get('#objects').type(\"Flügel\");\ncy.contains(\"Flügel\").click();\ncy.get('.show-location-box').click();\ncy.get('#room-type-3').click();\ncy.get('#add_manual_location').click();\ncy.get('#obj-popup').should(\"be.visible\");\ncy.get(':nth-child(4) > :nth-child(1) > .item-type-block-title > h5 > .arrow').click();\ncy.get('.add-location-object > a').click();\ncy.wait(1000);\ncy.get(':nth-child(16) > .sev-product-list-item-width-fix > .df-sb > .product-row > :nth-child(1) > sev-search-product > div > #objects').type(\"Motorrad\");\ncy.contains(\"Motorrad\").click();\ncy.get('.show_move_option').click();\ncy.get('select#source_title').select('Frau');\ncy.get('.pick_info > :nth-child(1) > .col-md-4 > .form-control').type(\"Veronika\");\ncy.get('.pick_info > :nth-child(1) > :nth-child(3) > .form-control').type(\"Kirs\");\ncy.get('.pick_info > :nth-child(1) > :nth-child(4) > .form-control').type(\"Momo\");\ncy.get('#source_address').type(\"Am Schlosspark 12 82131\");\ncy.get('.pac-item').first().click();\ncy.get('select[name=\"source_elevator\"]').select('Ja');\ncy.get('select[name=\"source_floor\"]').select('1');\ncy.get('.source_carrying_meter').type(\"10\");\ncy.get('select[name=\"possible_outside_lift\"]').select('Ja');\ncy.get('.source_living_area').type(\"10\");\ncy.get('select[name=\"source_stop_zone\"]').select('Ja');\ncy.get('.location_tab > a').click();\ncy.get('#receiver_first_name').type(\"Tomas\");\ncy.get('#receiver_last_name').type(\"Pejic\");\ncy.get('#destination_address_').type(\"Landsberger str 289\");\ncy.get('.pac-item').first().click();\ncy.get('select[name=\"destination_elevator\"]').select('Ja');\ncy.get('select[name=\"destination_floor\"]').select('1');\ncy.get('#destination_carrying_meter').type(\"10\");\ncy.get('select[name=\"destination_possible_outside_lift\"]').select('Ja');\ncy.get('#destination_living_area').type(\"10\");\ncy.get('select[name=\"destination_stop_zone\"]').select('Ja');\ncy.get('#regular_price').should(\"have.text\", \"500,00 EUR\");\ncy.get('.save-group > :nth-child(2) > .btn').click();\ncy.get('.create-task-no').click();\ncy.url().should(\"include\", \"order/index\");\ncy.get('tbody > :nth-child(1) > :nth-child(1)').click();\ncy.get(':nth-child(2) > :nth-child(1) > :nth-child(3) > :nth-child(2) > .row > .col-md-8 > :nth-child(2)').should(\"have.text\", \"Am Schloßpark 12\\n82131 Gauting\\nDeutschland\");\ncy.get(':nth-child(3) > :nth-child(1) > :nth-child(1) > .order-block > p').should(\"have.text\", \"Momo\");\ncy.get(':nth-child(3) > :nth-child(1) > :nth-child(2) > :nth-child(1) > p').should(\"have.text\", \"Frau Veronika Kirs\");\ncy.get(':nth-child(3) > :nth-child(1) > :nth-child(3) > :nth-child(2) > .row > .col-md-8 > :nth-child(2)').should(\"have.text\", \"Am Schloßpark 12\");\ncy.get(':nth-child(3) > :nth-child(1) > :nth-child(3) > :nth-child(2) > .row > .col-md-8 > :nth-child(3)').should(\"have.text\", \"82131, Gauting\");\ncy.get(':nth-child(3) > :nth-child(1) > :nth-child(3) > :nth-child(2) > .row > .col-md-8 > :nth-child(4)').should(\"have.text\", \"DE\");\ncy.get(':nth-child(4) > :nth-child(1) > :nth-child(2) > :nth-child(1) > p').should(\"have.text\", \"Herr Tomas Pejic\");\ncy.get(':nth-child(4) > :nth-child(1) > :nth-child(3) > .order-block > .row > .col-md-8 > :nth-child(2)').should(\"have.text\", \"Landsberger Straße 289\");\ncy.get(':nth-child(4) > :nth-child(1) > :nth-child(3) > .order-block > .row > .col-md-8 > :nth-child(3)').should(\"have.text\", \"80687, München                                                                                                                                                                    \");\ncy.get(':nth-child(4) > :nth-child(1) > :nth-child(3) > .order-block > .row > .col-md-8 > :nth-child(4)').should(\"have.text\", \"DE\");\ncy.get(':nth-child(2) > .row-md-height > :nth-child(1) > .edit-home-form-block > .form-group > .col-sm-5 > .form-control').should(\"have.text\", \"Ja\");\ncy.get(':nth-child(3) > .row-md-height > :nth-child(1) > .edit-home-form-block > .form-group > .col-sm-5 > .form-control').should(\"have.text\", \"1\");\ncy.get(':nth-child(4) > .row-md-height > :nth-child(1) > .edit-home-form-block > .form-group > .col-sm-5 > .form-control').should(\"have.text\", \"1\");\ncy.get(':nth-child(5) > .row-md-height > :nth-child(1) > .edit-home-form-block > .form-group > .col-sm-5 > .form-control').should(\"have.text\", \"10\");\ncy.get(':nth-child(6) > .row-md-height > :nth-child(1) > .edit-home-form-block > .form-group > .col-sm-5 > .form-control').should(\"have.text\", \"10\");\ncy.get(':nth-child(7) > .row-md-height > :nth-child(1) > .edit-home-form-block > .form-group > .col-sm-5 > .form-control').should(\"have.text\", \"Ja\");\ncy.get(':nth-child(2) > .row-md-height > :nth-child(2) > .edit-home-form-block > .form-group > .col-sm-5 > .form-control').should(\"have.text\", \"Ja\");\ncy.get(':nth-child(3) > .row-md-height > :nth-child(2) > .edit-home-form-block > .form-group > .col-sm-5 > .form-control').should(\"have.text\", \"1\");\ncy.get(':nth-child(4) > .row-md-height > :nth-child(2) > .edit-home-form-block > .form-group > .col-sm-5 > .form-control').should(\"have.text\", \"1\");\ncy.get(':nth-child(5) > .row-md-height > :nth-child(2) > .edit-home-form-block > .form-group > .col-sm-5 > .form-control').should(\"have.text\", \"10\");\ncy.get(':nth-child(6) > .row-md-height > :nth-child(2) > .edit-home-form-block > .form-group > .col-sm-5 > .form-control').should(\"have.text\", \"10\");\ncy.get(':nth-child(7) > .row-md-height > :nth-child(2) > .edit-home-form-block > .form-group > .col-sm-5 > .form-control').should(\"have.text\", \"Ja\");",
              "err": {
                "message": "AssertionError: Timed out retrying after 4000ms: expected '<span.form-control>' to have text '1', but the text was 'Wählen'",
                "estack": "AssertionError: Timed out retrying after 4000ms: expected '<span.form-control>' to have text '1', but the text was 'Wählen'\n    at Context.eval (https://www.tralumaxpress.de/__cypress/tests?p=cypress/integration/examples/regresion.spec.js:573:128)",
                "diff": "- 'Wählen'\n+ '1'\n"
              },
              "uuid": "865b85eb-0c88-49fe-885b-b941cb1fda53",
              "parentUUID": "637b1ddd-45a9-4d01-9e71-2eba15c51ea0",
              "isHook": false,
              "skipped": false
            },
            {
              "title": "Auftrag mit neuen Kunden erstellen",
              "fullTitle": "End to End validation of order, offer & draft process Auftrag mit neuen Kunden erstellen",
              "timedOut": null,
              "duration": 39251,
              "state": "passed",
              "speed": "slow",
              "pass": true,
              "fail": false,
              "pending": false,
              "context": null,
              "code": "cy.get('.button-email > :nth-child(1) > .btn').click();\ncy.wait(1000);\ncy.get('.search-contact-input-group > .form-control').type(\"neuer kunde\");\ncy.get(\".ui-menu-item\").first().click();\ncy.get('.person').click();\ncy.get('select[name=\"title\"]').select('Frau');\ncy.get('.customer_first_name').type(\"Cypress\");\ncy.get('.customer_last_name').type(\"Kunde\");\ncy.get(':nth-child(1) > :nth-child(2) > .col-sm-12 > .form-control').type(\"Ron\");\ncy.get('#street_name').type(\"Landsberger str 289\");\ncy.get('.pac-item').first().click();\ncy.get('.contact_tab > .indicator').click();\ncy.get(':nth-child(1) > .col-sm-12 > .form-tunnel > #strasse').type(\"ron@cypress.com\");\ncy.get('#contact_mobile').type(\"17682278398\");\ncy.get(':nth-child(3) > .col-sm-12 > .form-tunnel > #strasse').type(\"www.ron.de\");\ncy.get('.grid-content > .button-email > .btn').click();\ncy.get('.col-md-12 > .form-control').type(\"Cypress test\");\ncy.get('#product').type(\"Cypress position\");\ncy.get(':nth-child(11) > sev-product-list > .invoice-product-list > .form-inline > .sev-product-list-item-width-fix > .df-sb > .product-row > :nth-child(2) > .flex > sev-input-number.p-r-0-on-child > .form-control').type(\"2\");\ncy.get(':nth-child(11) > sev-product-list > .invoice-product-list > .form-inline > .sev-product-list-item-width-fix > .df-sb > .product-row > [ng-show=\"showNet\"] > .form-control').type(\"250\");\ncy.get('#regular_price').should(\"have.text\", \"500,00 EUR\");\ncy.get('.save-group > :nth-child(2) > .btn').click();\ncy.get('.create-task-no').click();\ncy.url().should(\"include\", \"order/index\");\ncy.get('tbody > :nth-child(1) > :nth-child(1)').click();\ncy.get('.order-detail > :nth-child(2) > :nth-child(1) > :nth-child(2) > :nth-child(1) > p').should(\"have.text\", \"Frau Cypress Kunde\");\ncy.get(':nth-child(2) > :nth-child(1) > :nth-child(3) > :nth-child(2) > .row > .col-md-8 > :nth-child(2)').should(\"have.text\", \"Landsberger Straße 289\\n80687 München\\nDE\");",
              "err": {},
              "uuid": "c18788c3-650f-47a6-b6b4-39e506527cc5",
              "parentUUID": "637b1ddd-45a9-4d01-9e71-2eba15c51ea0",
              "isHook": false,
              "skipped": false
            },
            {
              "title": "Auftrag/Angebot erstellen Button im Dashboard, Menü und in Listenansicht Auswahlen/Validieren",
              "fullTitle": "End to End validation of order, offer & draft process Auftrag/Angebot erstellen Button im Dashboard, Menü und in Listenansicht Auswahlen/Validieren",
              "timedOut": null,
              "duration": 51846,
              "state": "failed",
              "speed": null,
              "pass": false,
              "fail": true,
              "pending": false,
              "context": null,
              "code": "cy.get('.button-email > :nth-child(1) > .btn').click();\ncy.url().should(\"include\", \"orderselection/index\");\ncy.go(\"back\");\ncy.get('.button-email > :nth-child(2) > .btn').click();\ncy.url().should(\"include\", \"offerselection/index\");\ncy.get('.non-portal.active > ul > :nth-child(2) > a').click();\ncy.url().should(\"include\", \"orderselection/index\");\ncy.get('.non-portal.active > ul > :nth-child(4) > a').click();\ncy.url().should(\"include\", \"offerselection/index\");\ncy.get('.non-portal.active > ul > :nth-child(1) > a').click();\ncy.get('.create-button').click();\ncy.url().should(\"include\", \"orderselection/index\");\ncy.get('.non-portal.active > ul > :nth-child(3) > a').click();\ncy.get('.create-button').click();\ncy.url().should(\"include\", \"offerselection/index\");",
              "err": {
                "message": "AssertionError: Timed out retrying after 4000ms: expected 'https://www.tralumaxpress.de/ordernew/index' to include 'orderselection/index'",
                "estack": "AssertionError: Timed out retrying after 4000ms: expected 'https://www.tralumaxpress.de/ordernew/index' to include 'orderselection/index'\n    at Context.eval (https://www.tralumaxpress.de/__cypress/tests?p=cypress/integration/examples/regresion.spec.js:626:14)",
                "diff": null
              },
              "uuid": "d442e250-a5dd-4673-b90f-24effcda4140",
              "parentUUID": "637b1ddd-45a9-4d01-9e71-2eba15c51ea0",
              "isHook": false,
              "skipped": false
            },
            {
              "title": "Auftrag und angebot von der zweiten Seite öffnen",
              "fullTitle": "End to End validation of order, offer & draft process Auftrag und angebot von der zweiten Seite öffnen",
              "timedOut": null,
              "duration": 31130,
              "state": "passed",
              "speed": "slow",
              "pass": true,
              "fail": false,
              "pending": false,
              "context": null,
              "code": "cy.get(':nth-child(4) > [href=\"javascript:void(0);\"] > .menu-text').click();\ncy.contains(\"Angebotsübersicht\").click();\ncy.get('[data-dt-idx=\"2\"]').click();\ncy.get('tbody > :nth-child(1) > :nth-child(2)').click();\ncy.url().should(\"include\", \"https://www.tralumaxpress.de/order/detail/\");\ncy.contains(\"Auftragsübersicht\").click();\ncy.get('[data-dt-idx=\"2\"]').click();\ncy.get('tbody > :nth-child(1) > :nth-child(2)').click();\ncy.url().should(\"include\", \"https://www.tralumaxpress.de/order/detail/\");",
              "err": {},
              "uuid": "ddb1b9ac-1e8e-424d-811b-d1bc5cdd2f41",
              "parentUUID": "637b1ddd-45a9-4d01-9e71-2eba15c51ea0",
              "isHook": false,
              "skipped": false
            },
            {
              "title": "Action Buttons von der zweiten Seite validieren",
              "fullTitle": "End to End validation of order, offer & draft process Action Buttons von der zweiten Seite validieren",
              "timedOut": null,
              "duration": 30048,
              "state": "passed",
              "speed": "slow",
              "pass": true,
              "fail": false,
              "pending": false,
              "context": null,
              "code": "cy.get(':nth-child(4) > [href=\"javascript:void(0);\"] > .menu-text').click();\ncy.contains(\"Angebotsübersicht\").click();\ncy.get('[data-dt-idx=\"2\"]').click();\ncy.get(':nth-child(1) > .action-buttons > [title=\"Ansicht\"] > .icon').click();\ncy.url().should(\"include\", \"https://www.tralumaxpress.de/order/detail/\");\ncy.contains(\"Auftragsübersicht\").click();\ncy.get('[data-dt-idx=\"2\"]').click();\ncy.get(':nth-child(1) > .action-buttons > [title=\"Ansicht\"] > .icon').click();\ncy.url().should(\"include\", \"https://www.tralumaxpress.de/order/detail/\");",
              "err": {},
              "uuid": "51974068-f028-4bd5-877a-610b18d4f799",
              "parentUUID": "637b1ddd-45a9-4d01-9e71-2eba15c51ea0",
              "isHook": false,
              "skipped": false
            },
            {
              "title": "Start und ende Zeit ändern im Auftrag",
              "fullTitle": "End to End validation of order, offer & draft process Start und ende Zeit ändern im Auftrag",
              "timedOut": null,
              "duration": 17361,
              "state": "failed",
              "speed": null,
              "pass": false,
              "fail": true,
              "pending": false,
              "context": null,
              "code": "cy.get('.button-email > :nth-child(1) > .btn').click();\ncy.wait(1000);\ncy.get('.search-contact-input-group > .form-control').type(\"Arnold\");\ncy.contains(\"Arnold Stallone\").click();\ncy.get('#pickdate').click();\nxpress.getOrderDatePicker().click();\ncy.get('#picktime').click();\ncy.contains(\"8:00\").click();\ncy.get('.datetimepicker-minutes > .table-condensed > tbody > tr > td > .active').click();\ncy.get('#droptime').click();\ncy.get('[style=\"left: 1338px; z-index: 10000019; display: block; top: 332px;\"] > .datetimepicker-hours > .table-condensed > tbody > tr > td > :nth-child(13)').click();\ncy.get('[style=\"left: 1338px; z-index: 10000019; display: block; top: 332px;\"] > .datetimepicker-minutes > .table-condensed > tbody > tr > td > .active').click();\ncy.get('#product').type(\"Cypress position\");\ncy.get(':nth-child(11) > sev-product-list > .invoice-product-list > .form-inline > .sev-product-list-item-width-fix > .df-sb > .product-row > :nth-child(2) > .flex > sev-input-number.p-r-0-on-child > .form-control').type(\"2\");\ncy.get(':nth-child(11) > sev-product-list > .invoice-product-list > .form-inline > .sev-product-list-item-width-fix > .df-sb > .product-row > [ng-show=\"showNet\"] > .form-control').type(\"250\");\ncy.get('#regular_price').should(\"have.text\", \"500,00 EUR\");\ncy.get('.save-group > :nth-child(2) > .btn').click();\ncy.get('.create-task-no').click();\ncy.url().should(\"include\", \"order/index\");\ncy.get('tbody > :nth-child(1) > :nth-child(1)').click();\ncy.get(':nth-child(5) > .order-block > p').should(\"have.text\", \"30.08.2021                                                                            08:00                                                                                                                                                    \");\ncy.get(':nth-child(6) > .order-block > p').should(\"have.text\", \"30.08.2021                                                                            12:00                                                                                                                                                    \");",
              "err": {
                "message": "CypressError: `cy.click()` can only be called on a single element. Your subject contained 2 elements. Pass `{ multiple: true }` if you want to serially click each element.\n\nhttps://on.cypress.io/click",
                "estack": "CypressError: `cy.click()` can only be called on a single element. Your subject contained 2 elements. Pass `{ multiple: true }` if you want to serially click each element.\n\nhttps://on.cypress.io/click\n    at mouseAction (https://www.tralumaxpress.de/__cypress/runner/cypress_runner.js:138058:17)\n    at Context.click (https://www.tralumaxpress.de/__cypress/runner/cypress_runner.js:138237:14)\n    at Context.<anonymous> (https://www.tralumaxpress.de/__cypress/runner/cypress_runner.js:157771:21)\nFrom Your Spec Code:\n    at Context.eval (https://www.tralumaxpress.de/__cypress/tests?p=cypress/integration/examples/regresion.spec.js:662:86)",
                "diff": null
              },
              "uuid": "ee789037-256b-48cb-a5f9-400330cd2d02",
              "parentUUID": "637b1ddd-45a9-4d01-9e71-2eba15c51ea0",
              "isHook": false,
              "skipped": false
            },
            {
              "title": "Wiederkehrende Position laden vom Kunden im Auftrag",
              "fullTitle": "End to End validation of order, offer & draft process Wiederkehrende Position laden vom Kunden im Auftrag",
              "timedOut": null,
              "duration": 27563,
              "state": "passed",
              "speed": "slow",
              "pass": true,
              "fail": false,
              "pending": false,
              "context": null,
              "code": "cy.get('.button-email > :nth-child(1) > .btn').click();\ncy.wait(1000);\ncy.get('.search-contact-input-group > .form-control').type(\"Goku Kovic\");\ncy.contains(\"Goku Kovic\").click();\ncy.get('#regular_price').should(\"have.text\", \"100,00 EUR\");\ncy.get('.save-group > :nth-child(2) > .btn').click();\ncy.get('.create-task-no').click();\ncy.url().should(\"include\", \"order/index\");\ncy.get('tbody > :nth-child(1) > :nth-child(1)').click();\ncy.get('.row > .table > tbody > :nth-child(1) > :nth-child(1)').should(\"have.text\", \"WiederkehrendeP\");\ncy.get('tbody > :nth-child(1) > :nth-child(3)').should(\"have.text\", \"Zeit/Dauer\");\ncy.get(':nth-child(1) > p > .pull-right').should(\"have.text\", \"100,00 EUR\");",
              "err": {},
              "uuid": "c40db4a8-2816-44e2-9d13-d57a0e0b0cdc",
              "parentUUID": "637b1ddd-45a9-4d01-9e71-2eba15c51ea0",
              "isHook": false,
              "skipped": false
            },
            {
              "title": "Rabat in EUR für Position hinzufügen im Auftrag",
              "fullTitle": "End to End validation of order, offer & draft process Rabat in EUR für Position hinzufügen im Auftrag",
              "timedOut": null,
              "duration": 31479,
              "state": "passed",
              "speed": "slow",
              "pass": true,
              "fail": false,
              "pending": false,
              "context": null,
              "code": "cy.get('.button-email > :nth-child(1) > .btn').click();\ncy.wait(1000);\ncy.get('.search-contact-input-group > .form-control').type(\"Arnold\");\ncy.contains(\"Arnold Stallone\").click();\ncy.get('[style=\"width: 110px\"] > .d-block').click();\ncy.get('.discount-euro').click();\ncy.get('#product').type(\"Cypress position\");\ncy.get(':nth-child(11) > sev-product-list > .invoice-product-list > .form-inline > .sev-product-list-item-width-fix > .df-sb > .product-row > :nth-child(2) > .flex > sev-input-number.p-r-0-on-child > .form-control').type(\"2\");\ncy.get(':nth-child(11) > sev-product-list > .invoice-product-list > .form-inline > .sev-product-list-item-width-fix > .df-sb > .product-row > [ng-show=\"showNet\"] > .form-control').type(\"250\");\ncy.get('[style=\"width: 110px\"] > .input-group > .form-control').type(\"10\");\ncy.get('#regular_price').click();\ncy.get('#regular_price').should(\"have.text\", \"490,00 EUR\");\ncy.get('#total_price').should(\"have.text\", \"583,10 EUR\");\ncy.get('.save-group > :nth-child(2) > .btn').click();\ncy.get('.create-task-no').click();\ncy.url().should(\"include\", \"order/index\");\ncy.get('tbody > :nth-child(1) > :nth-child(1)').click();\ncy.get('tbody > :nth-child(1) > :nth-child(5)').should(\"have.text\", \"10,00\");\ncy.get('tbody > :nth-child(1) > :nth-child(6)').should(\"have.text\", \"490,00\");\ncy.get(':nth-child(1) > p > .pull-right').should(\"have.text\", \"490,00 EUR\");",
              "err": {},
              "uuid": "8cf459f5-739a-492d-8af2-345e2a8c7892",
              "parentUUID": "637b1ddd-45a9-4d01-9e71-2eba15c51ea0",
              "isHook": false,
              "skipped": false
            },
            {
              "title": "Rabat in % für Position hinzufügen im Auftrag",
              "fullTitle": "End to End validation of order, offer & draft process Rabat in % für Position hinzufügen im Auftrag",
              "timedOut": null,
              "duration": 35602,
              "state": "failed",
              "speed": null,
              "pass": false,
              "fail": true,
              "pending": false,
              "context": null,
              "code": "cy.get('.button-email > :nth-child(1) > .btn').click();\ncy.wait(1000);\ncy.get('.search-contact-input-group > .form-control').type(\"Arnold\");\ncy.contains(\"Arnold Stallone\").click();\ncy.get('#product').type(\"Cypress position\");\ncy.get(':nth-child(11) > sev-product-list > .invoice-product-list > .form-inline > .sev-product-list-item-width-fix > .df-sb > .product-row > :nth-child(2) > .flex > sev-input-number.p-r-0-on-child > .form-control').type(\"2\");\ncy.get(':nth-child(11) > sev-product-list > .invoice-product-list > .form-inline > .sev-product-list-item-width-fix > .df-sb > .product-row > [ng-show=\"showNet\"] > .form-control').type(\"250\");\ncy.get('[style=\"width: 110px\"] > .input-group > .form-control').type(\"10\");\ncy.get('#regular_price').click();\ncy.get('#regular_price').should(\"have.text\", \"450,00 EUR\");\ncy.get('#total_price').should(\"have.text\", \"535,50 EUR\");\ncy.get('.save-group > :nth-child(2) > .btn').click();\ncy.get('.create-task-no').click();\ncy.url().should(\"include\", \"order/index\");\ncy.get('tbody > :nth-child(1) > :nth-child(1)').click();\ncy.get('tbody > :nth-child(1) > :nth-child(5)').should(\"have.text\", \"10,00\");\ncy.get('tbody > :nth-child(1) > :nth-child(6)').should(\"have.text\", \"450,00\");\ncy.get(':nth-child(1) > p > .pull-right').should(\"have.text\", \"450,00 EUR\");",
              "err": {
                "message": "AssertionError: Timed out retrying after 4000ms: expected '<td>' to have text '450,00', but the text was '475,00'",
                "estack": "AssertionError: Timed out retrying after 4000ms: expected '<td>' to have text '450,00', but the text was '475,00'\n    at Context.eval (https://www.tralumaxpress.de/__cypress/tests?p=cypress/integration/examples/regresion.spec.js:730:53)",
                "diff": "- '475,00'\n+ '450,00'\n"
              },
              "uuid": "a36830aa-6cce-4799-b13a-72dacc584a84",
              "parentUUID": "637b1ddd-45a9-4d01-9e71-2eba15c51ea0",
              "isHook": false,
              "skipped": false
            },
            {
              "title": "Gesamtrabatt in EUR hinzufügen im Auftrag",
              "fullTitle": "End to End validation of order, offer & draft process Gesamtrabatt in EUR hinzufügen im Auftrag",
              "timedOut": null,
              "duration": 32481,
              "state": "passed",
              "speed": "slow",
              "pass": true,
              "fail": false,
              "pending": false,
              "context": null,
              "code": "cy.get('.button-email > :nth-child(1) > .btn').click();\ncy.wait(1000);\ncy.get('.search-contact-input-group > .form-control').type(\"Arnold\");\ncy.contains(\"Arnold Stallone\").click();\ncy.get('[style=\"width: 110px\"] > .d-block').click();\ncy.get('.discount-euro').click();\ncy.get('#product').type(\"Cypress position\");\ncy.get(':nth-child(11) > sev-product-list > .invoice-product-list > .form-inline > .sev-product-list-item-width-fix > .df-sb > .product-row > :nth-child(2) > .flex > sev-input-number.p-r-0-on-child > .form-control').type(\"2\");\ncy.get(':nth-child(11) > sev-product-list > .invoice-product-list > .form-inline > .sev-product-list-item-width-fix > .df-sb > .product-row > [ng-show=\"showNet\"] > .form-control').type(\"250\");\ncy.get('#discount_description').clear().type(\"Test Rabat\");\ncy.get('#discount_price').clear().type(\"10\");\ncy.get('#regular_price').click();\ncy.get('#regular_price').should(\"have.text\", \"490,00 EUR\");\ncy.get('#total_price').should(\"have.text\", \"583,10 EUR\");\ncy.get('.save-group > :nth-child(2) > .btn').click();\ncy.get('.create-task-no').click();\ncy.url().should(\"include\", \"order/index\");\ncy.get('tbody > :nth-child(1) > :nth-child(1)').click();\ncy.get('tbody > :nth-child(2) > :nth-child(1)').should(\"have.text\", \"Test Rabat\");\ncy.get('tbody > :nth-child(2) > :nth-child(4)').should(\"have.text\", \"-10,00\");\ncy.get(':nth-child(2) > p > .pull-right').should(\"have.text\", \"-10,00 EUR\");\ncy.get(':nth-child(1) > p > .pull-right').should(\"have.text\", \"500,00 EUR\");\ncy.get('strong > .pull-right').should(\"have.text\", \"583,10 EUR\");",
              "err": {},
              "uuid": "fd790ec6-d1a7-45f1-b993-7b02d13ceff9",
              "parentUUID": "637b1ddd-45a9-4d01-9e71-2eba15c51ea0",
              "isHook": false,
              "skipped": false
            },
            {
              "title": "Gesamtrabatt in % hinzufügen im Auftrag",
              "fullTitle": "End to End validation of order, offer & draft process Gesamtrabatt in % hinzufügen im Auftrag",
              "timedOut": null,
              "duration": 31692,
              "state": "passed",
              "speed": "slow",
              "pass": true,
              "fail": false,
              "pending": false,
              "context": null,
[...]
              "err": {},
              "uuid": "1f5930c9-1c19-41d7-b276-1801e0cdf42f",
              "parentUUID": "b1311e9e-ce07-4e36-87fc-7c331092b586",
              "isHook": false,
              "skipped": false
            },
            {
              "title": "Steuer zurücksetzen und Währung andern auf USD um damit auftrag mit neuen Kunden erstellen",
              "fullTitle": "End to End validation von Firmeneinstelungen Steuer zurücksetzen und Währung andern auf USD um damit auftrag mit neuen Kunden erstellen",
              "timedOut": null,
              "duration": 20486,
              "state": "failed",
              "speed": null,
              "pass": false,
              "fail": true,
              "pending": false,
              "context": null,
              "code": "cy.get(':nth-child(8) > [href=\"javascript:void(0);\"] > .menu-text').click();\ncy.get('.active > ul > :nth-child(2) > a').click();\ncy.get('select[id=\"ServiceProvider_vat\"]').select('19.0', {\n  force: true\n});\ncy.get('select[id=\"ServiceProvider_currency\"]').select('USD', {\n  force: true\n});\ncy.wait(1000);\ncy.get('#btn-save').click();\ncy.wait(1000);\ncy.get('#nav > :nth-child(3) > :nth-child(2) > a').click();\ncy.get('.button-email > :nth-child(1) > .btn').click();\ncy.wait(1000);\ncy.get('.search-contact-input-group > .form-control').type(\"neuer kunde\");\ncy.get(\".ui-menu-item\").first().click();\ncy.get('.person').click();\ncy.get('select[name=\"title\"]').select('Herr');\ncy.get('.customer_first_name').type(\"VAT20\");\ncy.get('.customer_last_name').type(\"Kunde\");\ncy.get(':nth-child(1) > :nth-child(2) > .col-sm-12 > .form-control').type(\"Ron\");\ncy.get('#street_name').type(\"Landsberger str 289\");\ncy.get('.pac-item').first().click();\ncy.get('.contact_tab > .indicator').click();\ncy.get('.grid-content > .button-email > .btn').click();\ncy.get('#product').type(\"Cypress position\");\ncy.get(':nth-child(11) > sev-product-list > .invoice-product-list > .form-inline > .sev-product-list-item-width-fix > .df-sb > .product-row > :nth-child(2) > .flex > sev-input-number.p-r-0-on-child > .form-control').type(\"1\");\ncy.get(':nth-child(11) > sev-product-list > .invoice-product-list > .form-inline > .sev-product-list-item-width-fix > .df-sb > .product-row > [ng-show=\"showNet\"] > .form-control').type(\"100\");\ncy.get('.gross-btn').click();\ncy.get(':nth-child(11) > sev-product-list > .invoice-product-list > .form-inline > .sev-product-list-item-width-fix > .df-sb > .product-row > :nth-child(7) > .form-control').should(\"have.text\", \"119,00 USD\");\ncy.get('.net-btn').click();\ncy.get('#total_price').should(\"have.text\", \"119,00 USD\");\ncy.get('.save-group > :nth-child(2) > .btn').click();\ncy.get('.create-task-no').click();\ncy.get('tbody > :nth-child(1) > :nth-child(2)').click();\ncy.get(':nth-child(3) > :nth-child(2) > .pull-right').should(\"have.text\", \"19,00 USD\");",
              "err": {
                "message": "CypressError: Timed out retrying after 4050ms: `cy.click()` failed because this element is not visible:\n\n`<a href=\"/dashboard/index\">...</a>`\n\nThis element `<a>` is not visible because it has CSS property: `position: fixed` and it's being covered by another element:\n\n`<div class=\"modal confirm fade in\" id=\"modalAlert\" data-backdrop=\"static\" data-keyboard=\"false\" style=\"display: block;\">...</div>`\n\nFix this problem, or use `{force: true}` to disable error checking.\n\nhttps://on.cypress.io/element-cannot-be-interacted-with",
                "estack": "CypressError: Timed out retrying after 4050ms: `cy.click()` failed because this element is not visible:\n\n`<a href=\"/dashboard/index\">...</a>`\n\nThis element `<a>` is not visible because it has CSS property: `position: fixed` and it's being covered by another element:\n\n`<div class=\"modal confirm fade in\" id=\"modalAlert\" data-backdrop=\"static\" data-keyboard=\"false\" style=\"display: block;\">...</div>`\n\nFix this problem, or use `{force: true}` to disable error checking.\n\nhttps://on.cypress.io/element-cannot-be-interacted-with\n    at $Cy.ensureVisibility (https://www.tralumaxpress.de/__cypress/runner/cypress_runner.js:148473:24)\n    at runAllChecks (https://www.tralumaxpress.de/__cypress/runner/cypress_runner.js:136145:14)\n    at retryActionability (https://www.tralumaxpress.de/__cypress/runner/cypress_runner.js:136199:16)\n    at tryCatcher (https://www.tralumaxpress.de/__cypress/runner/cypress_runner.js:13212:23)\n    at Function.Promise.attempt.Promise.try (https://www.tralumaxpress.de/__cypress/runner/cypress_runner.js:10486:29)\n    at tryFn (https://www.tralumaxpress.de/__cypress/runner/cypress_runner.js:153280:21)\n    at whenStable (https://www.tralumaxpress.de/__cypress/runner/cypress_runner.js:153318:12)\n    at https://www.tralumaxpress.de/__cypress/runner/cypress_runner.js:152810:16\n    at tryCatcher (https://www.tralumaxpress.de/__cypress/runner/cypress_runner.js:13212:23)\n    at Promise._settlePromiseFromHandler (https://www.tralumaxpress.de/__cypress/runner/cypress_runner.js:11147:31)\n    at Promise._settlePromise (https://www.tralumaxpress.de/__cypress/runner/cypress_runner.js:11204:18)\n    at Promise._settlePromise0 (https://www.tralumaxpress.de/__cypress/runner/cypress_runner.js:11249:10)\n    at Promise._settlePromises (https://www.tralumaxpress.de/__cypress/runner/cypress_runner.js:11329:18)\n    at Promise._fulfill (https://www.tralumaxpress.de/__cypress/runner/cypress_runner.js:11273:18)\n    at https://www.tralumaxpress.de/__cypress/runner/cypress_runner.js:12887:46\nFrom Your Spec Code:\n    at Context.eval (https://www.tralumaxpress.de/__cypress/tests?p=cypress/integration/examples/regresion.spec.js:1202:56)",
                "diff": null
              },
              "uuid": "9513125d-ef8b-464b-8bf1-e79163fc6647",
              "parentUUID": "b1311e9e-ce07-4e36-87fc-7c331092b586",
              "isHook": false,
              "skipped": false
            },
            {
              "title": "Währung auf USD Modul Währung bleibt EUR",
              "fullTitle": "End to End validation von Firmeneinstelungen Währung auf USD Modul Währung bleibt EUR",
              "timedOut": null,
              "duration": 11051,
              "state": "passed",
              "speed": "slow",
              "pass": true,
              "fail": false,
              "pending": false,
              "context": null,
              "code": "cy.get(':nth-child(8) > [href=\"javascript:void(0);\"] > .menu-text').click();\ncy.get('.active > ul > :nth-child(5) > a').click();\ncy.get('#service_block_3 > .module-price').should(\"have.text\", \"29,99 EUR\");",
              "err": {},
              "uuid": "b157ff8a-b49c-48e6-8514-c69a2ea1a1ce",
              "parentUUID": "b1311e9e-ce07-4e36-87fc-7c331092b586",
              "isHook": false,
              "skipped": false
            },
            {
              "title": "Privatkunde normal anlegen mit neuer Währung",
              "fullTitle": "End to End validation von Firmeneinstelungen Privatkunde normal anlegen mit neuer Währung",
              "timedOut": null,
              "duration": 17688,
              "state": "passed",
              "speed": "slow",
              "pass": true,
              "fail": false,
              "pending": false,
              "context": null,
              "code": "cy.get(':nth-child(7) > .btn').click();\ncy.get(':nth-child(5) > .toggle > .toggle-group > .active').click();\ncy.get('select#title').select('Frau');\ncy.get('#Customer_first_name').type(\"CurrencyUSD\");\ncy.get('#Customer_last_name').type(\"Cypress\");\ncy.get('#street_name').type(\"Landsberger str 289\");\ncy.get('.pac-item').first().click();\ncy.get('#CustomerPosition_title').type(\"Cypress\");\ncy.get('#CustomerPosition_amount').type(\"100\");\ncy.get('select[name=\"unit[]\"]').select('KM');\ncy.get('.row.pull-right > :nth-child(2) > .btn').click();\ncy.get(':nth-child(3) > .search-box > .table > :nth-child(1) > :nth-child(2) > .search-title > .search-table > tbody > tr > .text-right').should(\"have.text\", \"USD\");",
              "err": {},
              "uuid": "f19f2744-9c88-4689-8a7d-ff0d97760cd3",
              "parentUUID": "b1311e9e-ce07-4e36-87fc-7c331092b586",
              "isHook": false,
              "skipped": false
            },
            {
              "title": "Rechnung mit neuer Währung & neuen Kunden",
              "fullTitle": "End to End validation von Firmeneinstelungen Rechnung mit neuer Währung & neuen Kunden",
              "timedOut": null,
              "duration": 28298,
              "state": "failed",
              "speed": null,
              "pass": false,
              "fail": true,
              "pending": false,
              "context": null,
              "code": "cy.get('.button-email > :nth-child(3) > .btn').click();\ncy.wait(1000);\ncy.get('.search-contact-input-group > .form-control').type(\"neuer kunde\");\ncy.get(\".ui-menu-item\").first().click();\ncy.get('.person').click();\ncy.get('select[name=\"title\"]').select('Frau');\ncy.get('.customer_first_name').type(\"USD\");\ncy.get('.customer_last_name').type(\"Kunde\");\ncy.get('.customer_information_form > .main > .grid-content > .large-gutter > :nth-child(1) > :nth-child(2) > .col-sm-12 > .form-control').type(\"Bill\");\ncy.get('#street_name').type(\"Landsberger Str\");\ncy.get('#house_n').type(\"12\");\ncy.get('#zip').type(\"82131\");\ncy.get('#city').type(\"Gauting\");\ncy.get('#country').type(\"Deutschland\");\ncy.get('.contact_tab > .indicator').click();\ncy.get('.grid-content > .button-email > .btn').click();\ncy.get('.col-md-12 > .form-control').type(\"Cypress test\");\ncy.get('#product').type(\"Cypress position\");\ncy.get('sev-input-number.p-r-0-on-child > .form-control').type(\"1\");\ncy.get('[ng-show=\"showNet\"] > .form-control').clear().type(\"100\");\ncy.get('#total_price').should(\"have.text\", \"119,00 USD\");\ncy.get('.save-group > :nth-child(3) > .btn').click();\ncy.get(':nth-child(4) > [style=\"text-align: right; padding:10px 35px 10px 10px;border-bottom: 1px solid #ece9e9;\"]').should(\"have.text\", \"19,00 USD\");",
              "err": {
                "message": "AssertionError: Timed out retrying after 4000ms: expected '<b#total_price>' to have text '119,00 USD', but the text was '119,00 EUR'",
                "estack": "AssertionError: Timed out retrying after 4000ms: expected '<b#total_price>' to have text '119,00 USD', but the text was '119,00 EUR'\n    at Context.eval (https://www.tralumaxpress.de/__cypress/tests?p=cypress/integration/examples/regresion.spec.js:1268:28)",
                "diff": "- '119,00 EUR'\n+ '119,00 USD'\n"
              },
              "uuid": "7a0bd82c-5767-454b-ba7b-50a1c011986f",
              "parentUUID": "b1311e9e-ce07-4e36-87fc-7c331092b586",
              "isHook": false,
              "skipped": false
            },
            {
              "title": "Währung auf EUR ändern",
              "fullTitle": "End to End validation von Firmeneinstelungen Währung auf EUR ändern",
              "timedOut": null,
              "duration": 15933,
              "state": "passed",
              "speed": "slow",
              "pass": true,
              "fail": false,
              "pending": false,
              "context": null,
              "code": "cy.get(':nth-child(8) > [href=\"javascript:void(0);\"] > .menu-text').click();\ncy.get('.active > ul > :nth-child(2) > a').click();\ncy.get('select[id=\"ServiceProvider_currency\"]').select('EUR', {\n  force: true\n});\ncy.wait(1000);\ncy.get('#btn-save').click();\ncy.wait(3000);",
              "err": {},
              "uuid": "0415d311-f54f-4ef7-9808-b5bc7a6eb172",
              "parentUUID": "b1311e9e-ce07-4e36-87fc-7c331092b586",
              "isHook": false,
              "skipped": false
            }
          ],
          "suites": [],
          "passes": [
            "cbdf4c20-40d7-4f1f-b277-00031db9cba8",
            "1f5930c9-1c19-41d7-b276-1801e0cdf42f",
            "b157ff8a-b49c-48e6-8514-c69a2ea1a1ce",
            "f19f2744-9c88-4689-8a7d-ff0d97760cd3",
            "0415d311-f54f-4ef7-9808-b5bc7a6eb172"
          ],
          "failures": [
            "ea0515f0-ffbb-4177-8014-9e117c8177be",
            "9513125d-ef8b-464b-8bf1-e79163fc6647",
            "7a0bd82c-5767-454b-ba7b-50a1c011986f"
          ],
          "pending": [],
          "skipped": [],
          "duration": 165569,
          "root": false,
          "rootEmpty": false,
          "_timeout": 2000
        },
        {
          "uuid": "ec9f8dd7-6c7b-4e85-853a-2ceedf9db6bc",
          "title": "End to End validation von Rollen & Rechten",
          "fullFile": "",
          "file": "",
          "beforeHooks": [],
          "afterHooks": [],
          "tests": [
            {
              "title": "Mit Manager Kunden anlegen",
              "fullTitle": "End to End validation von Rollen & Rechten Mit Manager Kunden anlegen",
              "timedOut": null,
              "duration": 19233,
              "state": "passed",
              "speed": "slow",
              "pass": true,
              "fail": false,
              "pending": false,
              "context": null,
              "code": "cy.get(':nth-child(7) > .btn').click();\ncy.get(':nth-child(5) > .toggle > .toggle-group > .active').click();\ncy.get('select#title').select('Frau');\ncy.get('#Customer_first_name').type(\"Test\");\ncy.get('#Customer_last_name').type(\"Cypress\");\ncy.get('#street_name').type(\"Landsberger str 289\");\ncy.get('.pac-item').first().click();\ncy.get('#Customer_user_email').type(\"person@cypress.com\");\ncy.get('#Customer_mobile').type(\"17682278398\");\ncy.get('#Customer_website').type(\"www.person.com\");\ncy.get('#Customer_tax').type(\"10\");\ncy.get('#CustomerPosition_title').type(\"Cypress\");\ncy.get('#CustomerPosition_amount').type(\"100\");\ncy.get('select[name=\"unit[]\"]').select('KM');\ncy.get('.row.pull-right > :nth-child(2) > .btn').click();\ncy.get('.search-title > h6').should(\"have.text\", \"\\n                                Personen                            \");\ncy.get('.search-title > p').should(\"be.visible\");\ncy.get(':nth-child(1) > :nth-child(2) > .search-box > .search-table > tbody > :nth-child(3) > .search-title').should(\"be.visible\");\ncy.get(':nth-child(3) > .search-box > .search-table > tbody > :nth-child(3) > .search-title').should(\"be.visible\");\ncy.get(':nth-child(4) > .search-title').should(\"be.visible\");\ncy.get(':nth-child(3) > .search-title > .search-table > tbody > tr > .text-right').should(\"have.text\", \"10.00%\");\ncy.get('[style=\"width:50%;padding-top:5px;padding-bottom:5px;\"]').should(\"have.text\", \"Cypress\");\ncy.get('[style=\"width:33.33%;padding-top:5px;padding-bottom:5px;\"]').should(\"have.text\", \"KM\");\ncy.get(':nth-child(4) > :nth-child(2) > .search-box > .table > :nth-child(1) > :nth-child(2) > .search-title > .search-table > tbody > tr > .text-right').should(\"have.text\", \"100,00 EUR\");",
              "err": {},
              "uuid": "77689982-f7c8-46cb-9fc3-381f4e17c13f",
              "parentUUID": "ec9f8dd7-6c7b-4e85-853a-2ceedf9db6bc",
              "isHook": false,
              "skipped": false
            },
            {
              "title": "Mit Manager Kunden suchen",
              "fullTitle": "End to End validation von Rollen & Rechten Mit Manager Kunden suchen",
              "timedOut": null,
              "duration": 12248,
              "state": "passed",
              "speed": "slow",
              "pass": true,
              "fail": false,
              "pending": false,
              "context": null,
              "code": "cy.get('[style=\"text-align:center;\"] > a > .icon').click();\ncy.get('.block-group > :nth-child(1) > :nth-child(2) > .form-control').type(\"Cypress\");\ncy.wait(2000);\ncy.get(':nth-child(6) > .col-md-12 > #example_wrapper > #example > tbody > :nth-child(1) > .sorting_1').should(\"be.visible\");",
              "err": {},
              "uuid": "ccdf168b-32c0-4e75-a626-8c87c3b2be07",
              "parentUUID": "ec9f8dd7-6c7b-4e85-853a-2ceedf9db6bc",
              "isHook": false,
              "skipped": false
            },
            {
              "title": "Mit Manager Privatkunden löschen",
              "fullTitle": "End to End validation von Rollen & Rechten Mit Manager Privatkunden löschen",
              "timedOut": null,
              "duration": 15390,
              "state": "passed",
              "speed": "slow",
              "pass": true,
              "fail": false,
              "pending": false,
              "context": null,
              "code": "cy.get(':nth-child(5) > [href=\"javascript:void(0);\"] > .menu-text').click();\ncy.contains(\"Kundenstamm\").click();\ncy.get(':nth-child(1) > .action-buttons > .icon-remove > .icon').click();\ncy.wait(1500);",
              "err": {},
              "uuid": "d5083bf9-b6c4-4da9-aac2-d3fb534e3515",
              "parentUUID": "ec9f8dd7-6c7b-4e85-853a-2ceedf9db6bc",
              "isHook": false,
              "skipped": false
            },
            {
              "title": "Mit Manager Angebot für Bestandskunden erstellen in Netto",
              "fullTitle": "End to End validation von Rollen & Rechten Mit Manager Angebot für Bestandskunden erstellen in Netto",
              "timedOut": null,
              "duration": 20458,
              "state": "passed",
              "speed": "slow",
              "pass": true,
              "fail": false,
              "pending": false,
              "context": null,
              "code": "cy.get('.button-email > :nth-child(2) > .btn').click();\ncy.wait(1000);\ncy.get('.search-contact-input-group > .form-control').type(\"Arnold\");\ncy.contains(\"Arnold Stallone\").click();\ncy.get('.col-md-12 > .form-control').type(\"Cypress test\");\ncy.get('#product').type(\"Cypress position\");\ncy.get(':nth-child(11) > sev-product-list > .invoice-product-list > .form-inline > .sev-product-list-item-width-fix > .df-sb > .product-row > :nth-child(2) > .flex > sev-input-number.p-r-0-on-child > .form-control').type(\"2\");\ncy.get(':nth-child(11) > sev-product-list > .invoice-product-list > .form-inline > .sev-product-list-item-width-fix > .df-sb > .product-row > [ng-show=\"showNet\"] > .form-control').type(\"250\");\ncy.get('#regular_price').should(\"have.text\", \"500,00 EUR\");\ncy.get('.save-group > :nth-child(2) > .btn').click();\ncy.url().should(\"include\", \"orderoffer/index\");",
              "err": {},
              "uuid": "bfe376ba-032c-4aa0-afbc-75487b2e8268",
              "parentUUID": "ec9f8dd7-6c7b-4e85-853a-2ceedf9db6bc",
              "isHook": false,
              "skipped": false
            }
          ],
          "suites": [],
          "passes": [
            "77689982-f7c8-46cb-9fc3-381f4e17c13f",
            "ccdf168b-32c0-4e75-a626-8c87c3b2be07",
            "d5083bf9-b6c4-4da9-aac2-d3fb534e3515",
            "bfe376ba-032c-4aa0-afbc-75487b2e8268"
          ],
          "failures": [],
          "pending": [],
          "skipped": [],
          "duration": 67329,
          "root": false,
          "rootEmpty": false,
          "_timeout": 2000
        }
      ],
      "passes": [],
      "failures": [],
      "pending": [],
      "skipped": [],
      "duration": 0,
      "root": true,
      "rootEmpty": true,
      "_timeout": 2000
    }
  ],
  "meta": {
    "mocha": {
      "version": "7.0.1"
    },
    "mochawesome": {
      "options": {
        "quiet": false,
        "reportFilename": "mochawesome",
        "saveHtml": true,
        "saveJson": true,
        "consoleReporter": "spec",
        "useInlineDiffs": false,
        "code": true
      },
      "version": "6.2.2"
    },
    "marge": {
      "options": null,
      "version": "5.2.0"
    }
  }
}